<?xml version="1.0" encoding="UTF-8"?>
<TestRun id="bc0148f4-b2a1-42bf-b522-5fc4699d2259" name="Jari Huilla@SYSTEEMILUOKKA 2022-12-04 12:10:55" runUser="SYSTEEMILUOKKA\Jari Huilla" xmlns="http://microsoft.com/schemas/VisualStudio/TeamTest/2010">
  <TestSettings name="Default Test Settings" id="d87197f7-0cda-4f63-b569-61eeeabfd37b">
    <Deployment runDeploymentRoot="Jari Huilla_SYSTEEMILUOKKA 2022-12-04 12_10_55">
      <DeploymentItem filename="C:\Documents and Settings\Jari Huilla\My Documents\MppOpcUaClientLib_dll (1)\MppOpcUaClientLib_dll\Tuni.MppOpcUaClientLib.dll" />
      <DeploymentItem filename="C:\Documents and Settings\Jari Huilla\My Documents\MppOpcUaClientLib_dll (1)\MppOpcUaClientLib_dll\UnifiedAutomation.UaBase.dll" />
      <DeploymentItem filename="C:\Documents and Settings\Jari Huilla\My Documents\MppOpcUaClientLib_dll (1)\MppOpcUaClientLib_dll\UnifiedAutomation.UaClient.dll" />
      <DeploymentItem filename="C:\Documents and Settings\Jari Huilla\My Documents\exercise\gui-app\gui-app\bin\Debug\gui-app.exe" />
    </Deployment>
    <Execution>
      <TestTypeSpecific />
      <AgentRule name="Execution Agents">
      </AgentRule>
    </Execution>
  </TestSettings>
  <Times creation="2022-12-04T12:10:55.2624486+02:00" queuing="2022-12-04T12:10:58.1686986+02:00" start="2022-12-04T12:10:58.3718236+02:00" finish="2022-12-04T12:11:17.5287546+02:00" />
  <ResultSummary outcome="Error">
    <Counters total="53" executed="53" passed="16" error="0" failed="32" timeout="0" aborted="0" inconclusive="5" passedButRunAborted="0" notRunnable="0" notExecuted="0" disconnected="0" warning="0" completed="0" inProgress="0" pending="0" />
    <RunInfos>
      <RunInfo computerName="SYSTEEMILUOKKA" outcome="Error" timestamp="2022-12-04T12:11:17.0756122+02:00">
        <Text>One of the background threads threw exception: 
System.AggregateException: A Task's exception(s) were not observed either by Waiting on the Task or accessing its Exception property. As a result, the unobserved exception was rethrown by the finalizer thread. ---&gt; System.NullReferenceException: Object reference not set to an instance of an object.
   at gui_app.Logic.impregnation(Int32 i_time) in C:\Documents and Settings\Jari Huilla\My Documents\exercise\gui-app\gui-app\logic.cs:line 96
   at gui_app.Logic.process(Int32 i_time, Double c_time, Int32 c_pressure, Int32 c_temp) in C:\Documents and Settings\Jari Huilla\My Documents\exercise\gui-app\gui-app\logic.cs:line 86
   at gui_app.Logic.&lt;&gt;c__DisplayClass1.&lt;start_process&gt;b__0() in C:\Documents and Settings\Jari Huilla\My Documents\exercise\gui-app\gui-app\logic.cs:line 78
   at System.Threading.Tasks.Task.InnerInvoke()
   at System.Threading.Tasks.Task.Execute()
   --- End of inner exception stack trace ---
   at System.Threading.Tasks.TaskExceptionHolder.Finalize()
---&gt; (Inner Exception #0) System.NullReferenceException: Object reference not set to an instance of an object.
   at gui_app.Logic.impregnation(Int32 i_time) in C:\Documents and Settings\Jari Huilla\My Documents\exercise\gui-app\gui-app\logic.cs:line 96
   at gui_app.Logic.process(Int32 i_time, Double c_time, Int32 c_pressure, Int32 c_temp) in C:\Documents and Settings\Jari Huilla\My Documents\exercise\gui-app\gui-app\logic.cs:line 86
   at gui_app.Logic.&lt;&gt;c__DisplayClass1.&lt;start_process&gt;b__0() in C:\Documents and Settings\Jari Huilla\My Documents\exercise\gui-app\gui-app\logic.cs:line 78
   at System.Threading.Tasks.Task.InnerInvoke()
   at System.Threading.Tasks.Task.Execute()&lt;---
</Text>
      </RunInfo>
    </RunInfos>
  </ResultSummary>
  <TestDefinitions>
    <UnitTest name="change_sequence_statusTest" storage="c:\documents and settings\jari huilla\my documents\exercise\gui-app\unit_tests\unit_tests\bin\debug\unit_tests.dll" id="3bd0d5a0-e9de-ce8f-b3c1-a6babb01f328">
      <DeploymentItems>
        <DeploymentItem filename="gui-app.exe" />
      </DeploymentItems>
      <Execution id="7faf2d2d-77d0-4bd4-b964-605a76bb38be" />
      <TestMethod codeBase="C:/Documents and Settings/Jari Huilla/My Documents/exercise/gui-app/unit_tests/unit_tests/bin/Debug/unit_tests.DLL" adapterTypeName="Microsoft.VisualStudio.TestTools.TestTypes.Unit.UnitTestAdapter, Microsoft.VisualStudio.QualityTools.Tips.UnitTest.Adapter, Version=10.0.0.0, Culture=neutral, PublicKeyToken=b03f5f7f11d50a3a" className="unit_tests.MainWindowTest, unit_tests, Version=1.0.0.0, Culture=neutral, PublicKeyToken=null" name="change_sequence_statusTest" />
    </UnitTest>
    <UnitTest name="EM5_OP4Test" storage="c:\documents and settings\jari huilla\my documents\exercise\gui-app\unit_tests\unit_tests\bin\debug\unit_tests.dll" id="135d9a16-0f3d-d98b-b384-52f48469a9fc">
      <DeploymentItems>
        <DeploymentItem filename="gui-app.exe" />
      </DeploymentItems>
      <Execution id="bfd2f27d-0ddd-4204-9b34-dd63e32bfab1" />
      <TestMethod codeBase="C:/Documents and Settings/Jari Huilla/My Documents/exercise/gui-app/unit_tests/unit_tests/bin/Debug/unit_tests.DLL" adapterTypeName="Microsoft.VisualStudio.TestTools.TestTypes.Unit.UnitTestAdapter, Microsoft.VisualStudio.QualityTools.Tips.UnitTest.Adapter, Version=10.0.0.0, Culture=neutral, PublicKeyToken=b03f5f7f11d50a3a" className="unit_tests.LogicTest, unit_tests, Version=1.0.0.0, Culture=neutral, PublicKeyToken=null" name="EM5_OP4Test" />
    </UnitTest>
    <UnitTest name="toggle_valveTest" storage="c:\documents and settings\jari huilla\my documents\exercise\gui-app\unit_tests\unit_tests\bin\debug\unit_tests.dll" id="7dc9c9a3-ee2a-f9ea-cec2-1a8e8a2ba7ec">
      <DeploymentItems>
        <DeploymentItem filename="gui-app.exe" />
      </DeploymentItems>
      <Execution id="deef56cd-344e-43d8-97d4-5d506370d6e4" />
      <TestMethod codeBase="C:/Documents and Settings/Jari Huilla/My Documents/exercise/gui-app/unit_tests/unit_tests/bin/Debug/unit_tests.DLL" adapterTypeName="Microsoft.VisualStudio.TestTools.TestTypes.Unit.UnitTestAdapter, Microsoft.VisualStudio.QualityTools.Tips.UnitTest.Adapter, Version=10.0.0.0, Culture=neutral, PublicKeyToken=b03f5f7f11d50a3a" className="unit_tests.MainWindowTest, unit_tests, Version=1.0.0.0, Culture=neutral, PublicKeyToken=null" name="toggle_valveTest" />
    </UnitTest>
    <UnitTest name="update_pump_valueTest" storage="c:\documents and settings\jari huilla\my documents\exercise\gui-app\unit_tests\unit_tests\bin\debug\unit_tests.dll" id="79603908-6c58-f867-d926-813208ddb12d">
      <DeploymentItems>
        <DeploymentItem filename="gui-app.exe" />
      </DeploymentItems>
      <Execution id="86dbf186-f3a2-4bf7-ae31-2d50ecf27a21" />
      <TestMethod codeBase="C:/Documents and Settings/Jari Huilla/My Documents/exercise/gui-app/unit_tests/unit_tests/bin/Debug/unit_tests.DLL" adapterTypeName="Microsoft.VisualStudio.TestTools.TestTypes.Unit.UnitTestAdapter, Microsoft.VisualStudio.QualityTools.Tips.UnitTest.Adapter, Version=10.0.0.0, Culture=neutral, PublicKeyToken=b03f5f7f11d50a3a" className="unit_tests.MainWindowTest, unit_tests, Version=1.0.0.0, Culture=neutral, PublicKeyToken=null" name="update_pump_valueTest" />
    </UnitTest>
    <UnitTest name="ControlConstructorTest" storage="c:\documents and settings\jari huilla\my documents\exercise\gui-app\unit_tests\unit_tests\bin\debug\unit_tests.dll" id="77c302de-377d-d7ab-6e04-e3852b7ea1a4">
      <Execution id="2c02ab22-13c0-46cc-a13a-9a08717df482" />
      <TestMethod codeBase="C:/Documents and Settings/Jari Huilla/My Documents/exercise/gui-app/unit_tests/unit_tests/bin/Debug/unit_tests.DLL" adapterTypeName="Microsoft.VisualStudio.TestTools.TestTypes.Unit.UnitTestAdapter, Microsoft.VisualStudio.QualityTools.Tips.UnitTest.Adapter, Version=10.0.0.0, Culture=neutral, PublicKeyToken=b03f5f7f11d50a3a" className="unit_tests.ControlTest, unit_tests, Version=1.0.0.0, Culture=neutral, PublicKeyToken=null" name="ControlConstructorTest" />
    </UnitTest>
    <UnitTest name="temperature_controlTest" storage="c:\documents and settings\jari huilla\my documents\exercise\gui-app\unit_tests\unit_tests\bin\debug\unit_tests.dll" id="50910027-bca4-5b3b-853c-152508de3f8e">
      <Execution id="cf43347f-31d8-4b1d-884a-694786201e78" />
      <TestMethod codeBase="C:/Documents and Settings/Jari Huilla/My Documents/exercise/gui-app/unit_tests/unit_tests/bin/Debug/unit_tests.DLL" adapterTypeName="Microsoft.VisualStudio.TestTools.TestTypes.Unit.UnitTestAdapter, Microsoft.VisualStudio.QualityTools.Tips.UnitTest.Adapter, Version=10.0.0.0, Culture=neutral, PublicKeyToken=b03f5f7f11d50a3a" className="unit_tests.ControlTest, unit_tests, Version=1.0.0.0, Culture=neutral, PublicKeyToken=null" name="temperature_controlTest" />
    </UnitTest>
    <UnitTest name="white_liquor_fillTest" storage="c:\documents and settings\jari huilla\my documents\exercise\gui-app\unit_tests\unit_tests\bin\debug\unit_tests.dll" id="559cae99-0cdf-f67f-04b4-de1bd78272f9">
      <DeploymentItems>
        <DeploymentItem filename="gui-app.exe" />
      </DeploymentItems>
      <Execution id="f5c6bc07-8aea-498a-af10-d7a9be86d598" />
      <TestMethod codeBase="C:/Documents and Settings/Jari Huilla/My Documents/exercise/gui-app/unit_tests/unit_tests/bin/Debug/unit_tests.DLL" adapterTypeName="Microsoft.VisualStudio.TestTools.TestTypes.Unit.UnitTestAdapter, Microsoft.VisualStudio.QualityTools.Tips.UnitTest.Adapter, Version=10.0.0.0, Culture=neutral, PublicKeyToken=b03f5f7f11d50a3a" className="unit_tests.LogicTest, unit_tests, Version=1.0.0.0, Culture=neutral, PublicKeyToken=null" name="white_liquor_fillTest" />
    </UnitTest>
    <UnitTest name="EM4_OP1Test" storage="c:\documents and settings\jari huilla\my documents\exercise\gui-app\unit_tests\unit_tests\bin\debug\unit_tests.dll" id="3e7645e8-799a-a23a-c556-4a27cd05317d">
      <DeploymentItems>
        <DeploymentItem filename="gui-app.exe" />
      </DeploymentItems>
      <Execution id="43cb80d9-a032-4862-ac23-e2945a174e59" />
      <TestMethod codeBase="C:/Documents and Settings/Jari Huilla/My Documents/exercise/gui-app/unit_tests/unit_tests/bin/Debug/unit_tests.DLL" adapterTypeName="Microsoft.VisualStudio.TestTools.TestTypes.Unit.UnitTestAdapter, Microsoft.VisualStudio.QualityTools.Tips.UnitTest.Adapter, Version=10.0.0.0, Culture=neutral, PublicKeyToken=b03f5f7f11d50a3a" className="unit_tests.LogicTest, unit_tests, Version=1.0.0.0, Culture=neutral, PublicKeyToken=null" name="EM4_OP1Test" />
    </UnitTest>
    <UnitTest name="EM1_OP2Test" storage="c:\documents and settings\jari huilla\my documents\exercise\gui-app\unit_tests\unit_tests\bin\debug\unit_tests.dll" id="907d3d6c-1c5d-7ea5-73ea-4d2a9b726439">
      <DeploymentItems>
        <DeploymentItem filename="gui-app.exe" />
      </DeploymentItems>
      <Execution id="cb93edfe-a1c8-44b2-bc19-4ebbbf077f76" />
      <TestMethod codeBase="C:/Documents and Settings/Jari Huilla/My Documents/exercise/gui-app/unit_tests/unit_tests/bin/Debug/unit_tests.DLL" adapterTypeName="Microsoft.VisualStudio.TestTools.TestTypes.Unit.UnitTestAdapter, Microsoft.VisualStudio.QualityTools.Tips.UnitTest.Adapter, Version=10.0.0.0, Culture=neutral, PublicKeyToken=b03f5f7f11d50a3a" className="unit_tests.LogicTest, unit_tests, Version=1.0.0.0, Culture=neutral, PublicKeyToken=null" name="EM1_OP2Test" />
    </UnitTest>
    <UnitTest name="dischargeTest" storage="c:\documents and settings\jari huilla\my documents\exercise\gui-app\unit_tests\unit_tests\bin\debug\unit_tests.dll" id="6f3c8267-44fd-9dd6-1aef-bc93eeb2c1a4">
      <DeploymentItems>
        <DeploymentItem filename="gui-app.exe" />
      </DeploymentItems>
      <Execution id="62d01140-abe5-4a0b-93c3-28c07afa622d" />
      <TestMethod codeBase="C:/Documents and Settings/Jari Huilla/My Documents/exercise/gui-app/unit_tests/unit_tests/bin/Debug/unit_tests.DLL" adapterTypeName="Microsoft.VisualStudio.TestTools.TestTypes.Unit.UnitTestAdapter, Microsoft.VisualStudio.QualityTools.Tips.UnitTest.Adapter, Version=10.0.0.0, Culture=neutral, PublicKeyToken=b03f5f7f11d50a3a" className="unit_tests.LogicTest, unit_tests, Version=1.0.0.0, Culture=neutral, PublicKeyToken=null" name="dischargeTest" />
    </UnitTest>
    <UnitTest name="U1_OP3Test" storage="c:\documents and settings\jari huilla\my documents\exercise\gui-app\unit_tests\unit_tests\bin\debug\unit_tests.dll" id="fd2ef5ec-5e5e-6304-613d-dc2abffd59c9">
      <DeploymentItems>
        <DeploymentItem filename="gui-app.exe" />
      </DeploymentItems>
      <Execution id="c08ce94d-0d51-4111-afaa-cdf27c651ba8" />
      <TestMethod codeBase="C:/Documents and Settings/Jari Huilla/My Documents/exercise/gui-app/unit_tests/unit_tests/bin/Debug/unit_tests.DLL" adapterTypeName="Microsoft.VisualStudio.TestTools.TestTypes.Unit.UnitTestAdapter, Microsoft.VisualStudio.QualityTools.Tips.UnitTest.Adapter, Version=10.0.0.0, Culture=neutral, PublicKeyToken=b03f5f7f11d50a3a" className="unit_tests.LogicTest, unit_tests, Version=1.0.0.0, Culture=neutral, PublicKeyToken=null" name="U1_OP3Test" />
    </UnitTest>
    <UnitTest name="shutdown_processTest" storage="c:\documents and settings\jari huilla\my documents\exercise\gui-app\unit_tests\unit_tests\bin\debug\unit_tests.dll" id="64299ba7-01b4-3852-ddb4-66fb1ddd418c">
      <Execution id="3531880b-1a31-410c-bbe5-a2bd05f95be6" />
      <TestMethod codeBase="C:/Documents and Settings/Jari Huilla/My Documents/exercise/gui-app/unit_tests/unit_tests/bin/Debug/unit_tests.DLL" adapterTypeName="Microsoft.VisualStudio.TestTools.TestTypes.Unit.UnitTestAdapter, Microsoft.VisualStudio.QualityTools.Tips.UnitTest.Adapter, Version=10.0.0.0, Culture=neutral, PublicKeyToken=b03f5f7f11d50a3a" className="unit_tests.LogicTest, unit_tests, Version=1.0.0.0, Culture=neutral, PublicKeyToken=null" name="shutdown_processTest" />
    </UnitTest>
    <UnitTest name="U1_OP1Test" storage="c:\documents and settings\jari huilla\my documents\exercise\gui-app\unit_tests\unit_tests\bin\debug\unit_tests.dll" id="cc713445-75e4-3ddd-4f7b-4883675cea50">
      <DeploymentItems>
        <DeploymentItem filename="gui-app.exe" />
      </DeploymentItems>
      <Execution id="90ff137b-8157-4d5e-9ac7-c9c126d0d5f3" />
      <TestMethod codeBase="C:/Documents and Settings/Jari Huilla/My Documents/exercise/gui-app/unit_tests/unit_tests/bin/Debug/unit_tests.DLL" adapterTypeName="Microsoft.VisualStudio.TestTools.TestTypes.Unit.UnitTestAdapter, Microsoft.VisualStudio.QualityTools.Tips.UnitTest.Adapter, Version=10.0.0.0, Culture=neutral, PublicKeyToken=b03f5f7f11d50a3a" className="unit_tests.LogicTest, unit_tests, Version=1.0.0.0, Culture=neutral, PublicKeyToken=null" name="U1_OP1Test" />
    </UnitTest>
    <UnitTest name="EM5_OP1Test" storage="c:\documents and settings\jari huilla\my documents\exercise\gui-app\unit_tests\unit_tests\bin\debug\unit_tests.dll" id="190cf5ac-e335-12c6-e286-0a62f070242d">
      <DeploymentItems>
        <DeploymentItem filename="gui-app.exe" />
      </DeploymentItems>
      <Execution id="b1b3ee64-3912-458c-9205-4667835c6be6" />
      <TestMethod codeBase="C:/Documents and Settings/Jari Huilla/My Documents/exercise/gui-app/unit_tests/unit_tests/bin/Debug/unit_tests.DLL" adapterTypeName="Microsoft.VisualStudio.TestTools.TestTypes.Unit.UnitTestAdapter, Microsoft.VisualStudio.QualityTools.Tips.UnitTest.Adapter, Version=10.0.0.0, Culture=neutral, PublicKeyToken=b03f5f7f11d50a3a" className="unit_tests.LogicTest, unit_tests, Version=1.0.0.0, Culture=neutral, PublicKeyToken=null" name="EM5_OP1Test" />
    </UnitTest>
    <UnitTest name="EM3_OP4Test" storage="c:\documents and settings\jari huilla\my documents\exercise\gui-app\unit_tests\unit_tests\bin\debug\unit_tests.dll" id="43a78f4d-84b5-1406-8c7b-f0ff9b22a81c">
      <DeploymentItems>
        <DeploymentItem filename="gui-app.exe" />
      </DeploymentItems>
      <Execution id="a6729658-6f60-447c-86c6-b4b06f3dcad9" />
      <TestMethod codeBase="C:/Documents and Settings/Jari Huilla/My Documents/exercise/gui-app/unit_tests/unit_tests/bin/Debug/unit_tests.DLL" adapterTypeName="Microsoft.VisualStudio.TestTools.TestTypes.Unit.UnitTestAdapter, Microsoft.VisualStudio.QualityTools.Tips.UnitTest.Adapter, Version=10.0.0.0, Culture=neutral, PublicKeyToken=b03f5f7f11d50a3a" className="unit_tests.LogicTest, unit_tests, Version=1.0.0.0, Culture=neutral, PublicKeyToken=null" name="EM3_OP4Test" />
    </UnitTest>
    <UnitTest name="cookingTest" storage="c:\documents and settings\jari huilla\my documents\exercise\gui-app\unit_tests\unit_tests\bin\debug\unit_tests.dll" id="4651fef4-be07-f97e-dc5f-1f879df387d5">
      <DeploymentItems>
        <DeploymentItem filename="gui-app.exe" />
      </DeploymentItems>
      <Execution id="8ad2f10b-2d5d-4f36-8511-c568e187e53c" />
      <TestMethod codeBase="C:/Documents and Settings/Jari Huilla/My Documents/exercise/gui-app/unit_tests/unit_tests/bin/Debug/unit_tests.DLL" adapterTypeName="Microsoft.VisualStudio.TestTools.TestTypes.Unit.UnitTestAdapter, Microsoft.VisualStudio.QualityTools.Tips.UnitTest.Adapter, Version=10.0.0.0, Culture=neutral, PublicKeyToken=b03f5f7f11d50a3a" className="unit_tests.LogicTest, unit_tests, Version=1.0.0.0, Culture=neutral, PublicKeyToken=null" name="cookingTest" />
    </UnitTest>
    <UnitTest name="EM1_OP1Test" storage="c:\documents and settings\jari huilla\my documents\exercise\gui-app\unit_tests\unit_tests\bin\debug\unit_tests.dll" id="3a2a0858-23be-19a9-e854-c9b2440ca5c8">
      <DeploymentItems>
        <DeploymentItem filename="gui-app.exe" />
      </DeploymentItems>
      <Execution id="518587b7-d5d2-40ae-b5b4-0d6aafe3e7f2" />
      <TestMethod codeBase="C:/Documents and Settings/Jari Huilla/My Documents/exercise/gui-app/unit_tests/unit_tests/bin/Debug/unit_tests.DLL" adapterTypeName="Microsoft.VisualStudio.TestTools.TestTypes.Unit.UnitTestAdapter, Microsoft.VisualStudio.QualityTools.Tips.UnitTest.Adapter, Version=10.0.0.0, Culture=neutral, PublicKeyToken=b03f5f7f11d50a3a" className="unit_tests.LogicTest, unit_tests, Version=1.0.0.0, Culture=neutral, PublicKeyToken=null" name="EM1_OP1Test" />
    </UnitTest>
    <UnitTest name="check_cookign_input_valTest" storage="c:\documents and settings\jari huilla\my documents\exercise\gui-app\unit_tests\unit_tests\bin\debug\unit_tests.dll" id="a44017f8-8b5c-5909-536d-3ebcc259f952">
      <DeploymentItems>
        <DeploymentItem filename="gui-app.exe" />
      </DeploymentItems>
      <Execution id="bbcb9121-cfbb-4def-82ee-e17e9c666187" />
      <TestMethod codeBase="C:/Documents and Settings/Jari Huilla/My Documents/exercise/gui-app/unit_tests/unit_tests/bin/Debug/unit_tests.DLL" adapterTypeName="Microsoft.VisualStudio.TestTools.TestTypes.Unit.UnitTestAdapter, Microsoft.VisualStudio.QualityTools.Tips.UnitTest.Adapter, Version=10.0.0.0, Culture=neutral, PublicKeyToken=b03f5f7f11d50a3a" className="unit_tests.MainWindowTest, unit_tests, Version=1.0.0.0, Culture=neutral, PublicKeyToken=null" name="check_cookign_input_valTest" />
    </UnitTest>
    <UnitTest name="EM5_OP2Test" storage="c:\documents and settings\jari huilla\my documents\exercise\gui-app\unit_tests\unit_tests\bin\debug\unit_tests.dll" id="9babf3fc-a46b-9592-3a7e-6eb979254120">
      <DeploymentItems>
        <DeploymentItem filename="gui-app.exe" />
      </DeploymentItems>
      <Execution id="8538e58a-21eb-472f-a9a2-4a9f74e74443" />
      <TestMethod codeBase="C:/Documents and Settings/Jari Huilla/My Documents/exercise/gui-app/unit_tests/unit_tests/bin/Debug/unit_tests.DLL" adapterTypeName="Microsoft.VisualStudio.TestTools.TestTypes.Unit.UnitTestAdapter, Microsoft.VisualStudio.QualityTools.Tips.UnitTest.Adapter, Version=10.0.0.0, Culture=neutral, PublicKeyToken=b03f5f7f11d50a3a" className="unit_tests.LogicTest, unit_tests, Version=1.0.0.0, Culture=neutral, PublicKeyToken=null" name="EM5_OP2Test" />
    </UnitTest>
    <UnitTest name="EM3_OP5Test" storage="c:\documents and settings\jari huilla\my documents\exercise\gui-app\unit_tests\unit_tests\bin\debug\unit_tests.dll" id="ee154a8a-177f-5471-fe8f-a19abf8c0f12">
      <DeploymentItems>
        <DeploymentItem filename="gui-app.exe" />
      </DeploymentItems>
      <Execution id="c9b66e25-428a-4c5a-9db2-f1c23bd7722b" />
      <TestMethod codeBase="C:/Documents and Settings/Jari Huilla/My Documents/exercise/gui-app/unit_tests/unit_tests/bin/Debug/unit_tests.DLL" adapterTypeName="Microsoft.VisualStudio.TestTools.TestTypes.Unit.UnitTestAdapter, Microsoft.VisualStudio.QualityTools.Tips.UnitTest.Adapter, Version=10.0.0.0, Culture=neutral, PublicKeyToken=b03f5f7f11d50a3a" className="unit_tests.LogicTest, unit_tests, Version=1.0.0.0, Culture=neutral, PublicKeyToken=null" name="EM3_OP5Test" />
    </UnitTest>
    <UnitTest name="DisposeTest" storage="c:\documents and settings\jari huilla\my documents\exercise\gui-app\unit_tests\unit_tests\bin\debug\unit_tests.dll" id="fc457851-7569-0712-7c1c-5d9d65262068">
      <Execution id="812ec5b6-4b9e-45aa-ad1c-1b6e68039d4f" />
      <TestMethod codeBase="C:/Documents and Settings/Jari Huilla/My Documents/exercise/gui-app/unit_tests/unit_tests/bin/Debug/unit_tests.DLL" adapterTypeName="Microsoft.VisualStudio.TestTools.TestTypes.Unit.UnitTestAdapter, Microsoft.VisualStudio.QualityTools.Tips.UnitTest.Adapter, Version=10.0.0.0, Culture=neutral, PublicKeyToken=b03f5f7f11d50a3a" className="unit_tests.ConnectOpcUaTest, unit_tests, Version=1.0.0.0, Culture=neutral, PublicKeyToken=null" name="DisposeTest" />
    </UnitTest>
    <UnitTest name="set_valve_controlTest" storage="c:\documents and settings\jari huilla\my documents\exercise\gui-app\unit_tests\unit_tests\bin\debug\unit_tests.dll" id="b42c3a56-667a-f33b-8392-5960b32e3f0c">
      <Execution id="b9f769ea-5b1e-49e9-b690-c075ae6db8a6" />
      <TestMethod codeBase="C:/Documents and Settings/Jari Huilla/My Documents/exercise/gui-app/unit_tests/unit_tests/bin/Debug/unit_tests.DLL" adapterTypeName="Microsoft.VisualStudio.TestTools.TestTypes.Unit.UnitTestAdapter, Microsoft.VisualStudio.QualityTools.Tips.UnitTest.Adapter, Version=10.0.0.0, Culture=neutral, PublicKeyToken=b03f5f7f11d50a3a" className="unit_tests.MainWindowTest, unit_tests, Version=1.0.0.0, Culture=neutral, PublicKeyToken=null" name="set_valve_controlTest" />
    </UnitTest>
    <UnitTest name="EM4_OP2Test" storage="c:\documents and settings\jari huilla\my documents\exercise\gui-app\unit_tests\unit_tests\bin\debug\unit_tests.dll" id="225e5f49-9319-5e20-15eb-71e980b61aa7">
      <DeploymentItems>
        <DeploymentItem filename="gui-app.exe" />
      </DeploymentItems>
      <Execution id="5abd3964-7eb2-460e-a09e-16a7cb295fb8" />
      <TestMethod codeBase="C:/Documents and Settings/Jari Huilla/My Documents/exercise/gui-app/unit_tests/unit_tests/bin/Debug/unit_tests.DLL" adapterTypeName="Microsoft.VisualStudio.TestTools.TestTypes.Unit.UnitTestAdapter, Microsoft.VisualStudio.QualityTools.Tips.UnitTest.Adapter, Version=10.0.0.0, Culture=neutral, PublicKeyToken=b03f5f7f11d50a3a" className="unit_tests.LogicTest, unit_tests, Version=1.0.0.0, Culture=neutral, PublicKeyToken=null" name="EM4_OP2Test" />
    </UnitTest>
    <UnitTest name="change_E100_valueTest" storage="c:\documents and settings\jari huilla\my documents\exercise\gui-app\unit_tests\unit_tests\bin\debug\unit_tests.dll" id="b53aebfb-dd1b-29c6-5b46-5924eb5bd43c">
      <DeploymentItems>
        <DeploymentItem filename="gui-app.exe" />
      </DeploymentItems>
      <Execution id="39ad5831-e565-48c4-927d-deae5070a825" />
      <TestMethod codeBase="C:/Documents and Settings/Jari Huilla/My Documents/exercise/gui-app/unit_tests/unit_tests/bin/Debug/unit_tests.DLL" adapterTypeName="Microsoft.VisualStudio.TestTools.TestTypes.Unit.UnitTestAdapter, Microsoft.VisualStudio.QualityTools.Tips.UnitTest.Adapter, Version=10.0.0.0, Culture=neutral, PublicKeyToken=b03f5f7f11d50a3a" className="unit_tests.MainWindowTest, unit_tests, Version=1.0.0.0, Culture=neutral, PublicKeyToken=null" name="change_E100_valueTest" />
    </UnitTest>
    <UnitTest name="EM1_OP4Test" storage="c:\documents and settings\jari huilla\my documents\exercise\gui-app\unit_tests\unit_tests\bin\debug\unit_tests.dll" id="d4ecd901-031d-812e-030d-cfebb162feaf">
      <DeploymentItems>
        <DeploymentItem filename="gui-app.exe" />
      </DeploymentItems>
      <Execution id="acb36454-1d4b-4691-83a9-3bea5a434f1d" />
      <TestMethod codeBase="C:/Documents and Settings/Jari Huilla/My Documents/exercise/gui-app/unit_tests/unit_tests/bin/Debug/unit_tests.DLL" adapterTypeName="Microsoft.VisualStudio.TestTools.TestTypes.Unit.UnitTestAdapter, Microsoft.VisualStudio.QualityTools.Tips.UnitTest.Adapter, Version=10.0.0.0, Culture=neutral, PublicKeyToken=b03f5f7f11d50a3a" className="unit_tests.LogicTest, unit_tests, Version=1.0.0.0, Culture=neutral, PublicKeyToken=null" name="EM1_OP4Test" />
    </UnitTest>
    <UnitTest name="connection_offlineTest" storage="c:\documents and settings\jari huilla\my documents\exercise\gui-app\unit_tests\unit_tests\bin\debug\unit_tests.dll" id="b0805486-7606-6eff-4d14-e06f479655d8">
      <Execution id="66220373-7832-47db-87d6-8e8d1acf1e5a" />
      <TestMethod codeBase="C:/Documents and Settings/Jari Huilla/My Documents/exercise/gui-app/unit_tests/unit_tests/bin/Debug/unit_tests.DLL" adapterTypeName="Microsoft.VisualStudio.TestTools.TestTypes.Unit.UnitTestAdapter, Microsoft.VisualStudio.QualityTools.Tips.UnitTest.Adapter, Version=10.0.0.0, Culture=neutral, PublicKeyToken=b03f5f7f11d50a3a" className="unit_tests.MainWindowTest, unit_tests, Version=1.0.0.0, Culture=neutral, PublicKeyToken=null" name="connection_offlineTest" />
    </UnitTest>
    <UnitTest name="EM3_OP6Test" storage="c:\documents and settings\jari huilla\my documents\exercise\gui-app\unit_tests\unit_tests\bin\debug\unit_tests.dll" id="9a064fba-8260-d8f3-431c-da15e7436be3">
      <DeploymentItems>
        <DeploymentItem filename="gui-app.exe" />
      </DeploymentItems>
      <Execution id="fc13cd5d-17f4-4ed8-b695-bb24ad34bc8a" />
      <TestMethod codeBase="C:/Documents and Settings/Jari Huilla/My Documents/exercise/gui-app/unit_tests/unit_tests/bin/Debug/unit_tests.DLL" adapterTypeName="Microsoft.VisualStudio.TestTools.TestTypes.Unit.UnitTestAdapter, Microsoft.VisualStudio.QualityTools.Tips.UnitTest.Adapter, Version=10.0.0.0, Culture=neutral, PublicKeyToken=b03f5f7f11d50a3a" className="unit_tests.LogicTest, unit_tests, Version=1.0.0.0, Culture=neutral, PublicKeyToken=null" name="EM3_OP6Test" />
    </UnitTest>
    <UnitTest name="EM2_OP2Test" storage="c:\documents and settings\jari huilla\my documents\exercise\gui-app\unit_tests\unit_tests\bin\debug\unit_tests.dll" id="2484c15f-a6bd-8fdd-62e9-34805d7138ee">
      <DeploymentItems>
        <DeploymentItem filename="gui-app.exe" />
      </DeploymentItems>
      <Execution id="523f2909-f2d1-45a9-8849-291841ea39d2" />
      <TestMethod codeBase="C:/Documents and Settings/Jari Huilla/My Documents/exercise/gui-app/unit_tests/unit_tests/bin/Debug/unit_tests.DLL" adapterTypeName="Microsoft.VisualStudio.TestTools.TestTypes.Unit.UnitTestAdapter, Microsoft.VisualStudio.QualityTools.Tips.UnitTest.Adapter, Version=10.0.0.0, Culture=neutral, PublicKeyToken=b03f5f7f11d50a3a" className="unit_tests.LogicTest, unit_tests, Version=1.0.0.0, Culture=neutral, PublicKeyToken=null" name="EM2_OP2Test" />
    </UnitTest>
    <UnitTest name="check_input_valTest" storage="c:\documents and settings\jari huilla\my documents\exercise\gui-app\unit_tests\unit_tests\bin\debug\unit_tests.dll" id="6bd171df-c382-1558-2c7e-89b53efa35aa">
      <DeploymentItems>
        <DeploymentItem filename="gui-app.exe" />
      </DeploymentItems>
      <Execution id="3f07e9cc-5436-4795-ad73-8efdef984af5" />
      <TestMethod codeBase="C:/Documents and Settings/Jari Huilla/My Documents/exercise/gui-app/unit_tests/unit_tests/bin/Debug/unit_tests.DLL" adapterTypeName="Microsoft.VisualStudio.TestTools.TestTypes.Unit.UnitTestAdapter, Microsoft.VisualStudio.QualityTools.Tips.UnitTest.Adapter, Version=10.0.0.0, Culture=neutral, PublicKeyToken=b03f5f7f11d50a3a" className="unit_tests.MainWindowTest, unit_tests, Version=1.0.0.0, Culture=neutral, PublicKeyToken=null" name="check_input_valTest" />
    </UnitTest>
    <UnitTest name="impregnationTest" storage="c:\documents and settings\jari huilla\my documents\exercise\gui-app\unit_tests\unit_tests\bin\debug\unit_tests.dll" id="1a7e60df-ef55-c1eb-d5bd-cd063bbbe14f">
      <DeploymentItems>
        <DeploymentItem filename="gui-app.exe" />
      </DeploymentItems>
      <Execution id="0f3dd6b0-cbfa-4bb6-819f-29fcc26795da" />
      <TestMethod codeBase="C:/Documents and Settings/Jari Huilla/My Documents/exercise/gui-app/unit_tests/unit_tests/bin/Debug/unit_tests.DLL" adapterTypeName="Microsoft.VisualStudio.TestTools.TestTypes.Unit.UnitTestAdapter, Microsoft.VisualStudio.QualityTools.Tips.UnitTest.Adapter, Version=10.0.0.0, Culture=neutral, PublicKeyToken=b03f5f7f11d50a3a" className="unit_tests.LogicTest, unit_tests, Version=1.0.0.0, Culture=neutral, PublicKeyToken=null" name="impregnationTest" />
    </UnitTest>
    <UnitTest name="update_pb_StatusTest" storage="c:\documents and settings\jari huilla\my documents\exercise\gui-app\unit_tests\unit_tests\bin\debug\unit_tests.dll" id="8ac0dc75-b417-f8db-9da9-ddf97bd434a3">
      <DeploymentItems>
        <DeploymentItem filename="gui-app.exe" />
      </DeploymentItems>
      <Execution id="61f40c3a-9396-4e34-bd4c-7cbf8f172aa3" />
      <TestMethod codeBase="C:/Documents and Settings/Jari Huilla/My Documents/exercise/gui-app/unit_tests/unit_tests/bin/Debug/unit_tests.DLL" adapterTypeName="Microsoft.VisualStudio.TestTools.TestTypes.Unit.UnitTestAdapter, Microsoft.VisualStudio.QualityTools.Tips.UnitTest.Adapter, Version=10.0.0.0, Culture=neutral, PublicKeyToken=b03f5f7f11d50a3a" className="unit_tests.MainWindowTest, unit_tests, Version=1.0.0.0, Culture=neutral, PublicKeyToken=null" name="update_pb_StatusTest" />
    </UnitTest>
    <UnitTest name="black_liquor_fillTest" storage="c:\documents and settings\jari huilla\my documents\exercise\gui-app\unit_tests\unit_tests\bin\debug\unit_tests.dll" id="cb9f4255-bba2-0788-8d42-3f2275175fc3">
      <DeploymentItems>
        <DeploymentItem filename="gui-app.exe" />
      </DeploymentItems>
      <Execution id="5442ce2b-85f8-47e4-8b3f-73f2816f98c6" />
      <TestMethod codeBase="C:/Documents and Settings/Jari Huilla/My Documents/exercise/gui-app/unit_tests/unit_tests/bin/Debug/unit_tests.DLL" adapterTypeName="Microsoft.VisualStudio.TestTools.TestTypes.Unit.UnitTestAdapter, Microsoft.VisualStudio.QualityTools.Tips.UnitTest.Adapter, Version=10.0.0.0, Culture=neutral, PublicKeyToken=b03f5f7f11d50a3a" className="unit_tests.LogicTest, unit_tests, Version=1.0.0.0, Culture=neutral, PublicKeyToken=null" name="black_liquor_fillTest" />
    </UnitTest>
    <UnitTest name="processTest" storage="c:\documents and settings\jari huilla\my documents\exercise\gui-app\unit_tests\unit_tests\bin\debug\unit_tests.dll" id="5de9d446-578b-4360-59f1-81fd6aedfe6f">
      <DeploymentItems>
        <DeploymentItem filename="gui-app.exe" />
      </DeploymentItems>
      <Execution id="fcb6838c-e5a7-42d1-a6ae-264d5f54402c" />
      <TestMethod codeBase="C:/Documents and Settings/Jari Huilla/My Documents/exercise/gui-app/unit_tests/unit_tests/bin/Debug/unit_tests.DLL" adapterTypeName="Microsoft.VisualStudio.TestTools.TestTypes.Unit.UnitTestAdapter, Microsoft.VisualStudio.QualityTools.Tips.UnitTest.Adapter, Version=10.0.0.0, Culture=neutral, PublicKeyToken=b03f5f7f11d50a3a" className="unit_tests.LogicTest, unit_tests, Version=1.0.0.0, Culture=neutral, PublicKeyToken=null" name="processTest" />
    </UnitTest>
    <UnitTest name="invoke_E100_valueTest" storage="c:\documents and settings\jari huilla\my documents\exercise\gui-app\unit_tests\unit_tests\bin\debug\unit_tests.dll" id="7b0b0322-03c5-bfa5-6884-8a7285deb251">
      <Execution id="54c82df1-e097-4b96-9495-3b6c2c369fcf" />
      <TestMethod codeBase="C:/Documents and Settings/Jari Huilla/My Documents/exercise/gui-app/unit_tests/unit_tests/bin/Debug/unit_tests.DLL" adapterTypeName="Microsoft.VisualStudio.TestTools.TestTypes.Unit.UnitTestAdapter, Microsoft.VisualStudio.QualityTools.Tips.UnitTest.Adapter, Version=10.0.0.0, Culture=neutral, PublicKeyToken=b03f5f7f11d50a3a" className="unit_tests.MainWindowTest, unit_tests, Version=1.0.0.0, Culture=neutral, PublicKeyToken=null" name="invoke_E100_valueTest" />
    </UnitTest>
    <UnitTest name="EM3_OP1Test" storage="c:\documents and settings\jari huilla\my documents\exercise\gui-app\unit_tests\unit_tests\bin\debug\unit_tests.dll" id="2c0e89c9-79c6-22bb-d773-0a395390dc69">
      <DeploymentItems>
        <DeploymentItem filename="gui-app.exe" />
      </DeploymentItems>
      <Execution id="396df6e6-5972-46d4-80d6-514a458b04f4" />
      <TestMethod codeBase="C:/Documents and Settings/Jari Huilla/My Documents/exercise/gui-app/unit_tests/unit_tests/bin/Debug/unit_tests.DLL" adapterTypeName="Microsoft.VisualStudio.TestTools.TestTypes.Unit.UnitTestAdapter, Microsoft.VisualStudio.QualityTools.Tips.UnitTest.Adapter, Version=10.0.0.0, Culture=neutral, PublicKeyToken=b03f5f7f11d50a3a" className="unit_tests.LogicTest, unit_tests, Version=1.0.0.0, Culture=neutral, PublicKeyToken=null" name="EM3_OP1Test" />
    </UnitTest>
    <UnitTest name="connection_onlineTest" storage="c:\documents and settings\jari huilla\my documents\exercise\gui-app\unit_tests\unit_tests\bin\debug\unit_tests.dll" id="f4718b36-646b-2b11-f5c9-9a9c0bf1492a">
      <Execution id="de146551-643e-4583-a004-088690ba080c" />
      <TestMethod codeBase="C:/Documents and Settings/Jari Huilla/My Documents/exercise/gui-app/unit_tests/unit_tests/bin/Debug/unit_tests.DLL" adapterTypeName="Microsoft.VisualStudio.TestTools.TestTypes.Unit.UnitTestAdapter, Microsoft.VisualStudio.QualityTools.Tips.UnitTest.Adapter, Version=10.0.0.0, Culture=neutral, PublicKeyToken=b03f5f7f11d50a3a" className="unit_tests.MainWindowTest, unit_tests, Version=1.0.0.0, Culture=neutral, PublicKeyToken=null" name="connection_onlineTest" />
    </UnitTest>
    <UnitTest name="pressure_controlTest" storage="c:\documents and settings\jari huilla\my documents\exercise\gui-app\unit_tests\unit_tests\bin\debug\unit_tests.dll" id="db685ce1-79d9-c78e-3954-604e7dc5158c">
      <Execution id="db8888c0-9d08-447a-a172-9e3fdb5f7eed" />
      <TestMethod codeBase="C:/Documents and Settings/Jari Huilla/My Documents/exercise/gui-app/unit_tests/unit_tests/bin/Debug/unit_tests.DLL" adapterTypeName="Microsoft.VisualStudio.TestTools.TestTypes.Unit.UnitTestAdapter, Microsoft.VisualStudio.QualityTools.Tips.UnitTest.Adapter, Version=10.0.0.0, Culture=neutral, PublicKeyToken=b03f5f7f11d50a3a" className="unit_tests.ControlTest, unit_tests, Version=1.0.0.0, Culture=neutral, PublicKeyToken=null" name="pressure_controlTest" />
    </UnitTest>
    <UnitTest name="EM3_OP8Test" storage="c:\documents and settings\jari huilla\my documents\exercise\gui-app\unit_tests\unit_tests\bin\debug\unit_tests.dll" id="2a434934-e4d9-ee0e-6c3a-4a8422942f18">
      <DeploymentItems>
        <DeploymentItem filename="gui-app.exe" />
      </DeploymentItems>
      <Execution id="203ab18d-b1ed-4e93-8ab8-d5b5a41c385c" />
      <TestMethod codeBase="C:/Documents and Settings/Jari Huilla/My Documents/exercise/gui-app/unit_tests/unit_tests/bin/Debug/unit_tests.DLL" adapterTypeName="Microsoft.VisualStudio.TestTools.TestTypes.Unit.UnitTestAdapter, Microsoft.VisualStudio.QualityTools.Tips.UnitTest.Adapter, Version=10.0.0.0, Culture=neutral, PublicKeyToken=b03f5f7f11d50a3a" className="unit_tests.LogicTest, unit_tests, Version=1.0.0.0, Culture=neutral, PublicKeyToken=null" name="EM3_OP8Test" />
    </UnitTest>
    <UnitTest name="EM1_OP3Test" storage="c:\documents and settings\jari huilla\my documents\exercise\gui-app\unit_tests\unit_tests\bin\debug\unit_tests.dll" id="f3a6c914-560d-1140-6f85-f88e70cddb6a">
      <DeploymentItems>
        <DeploymentItem filename="gui-app.exe" />
      </DeploymentItems>
      <Execution id="f97e7f15-4e6c-458e-b4ac-89807b906aec" />
      <TestMethod codeBase="C:/Documents and Settings/Jari Huilla/My Documents/exercise/gui-app/unit_tests/unit_tests/bin/Debug/unit_tests.DLL" adapterTypeName="Microsoft.VisualStudio.TestTools.TestTypes.Unit.UnitTestAdapter, Microsoft.VisualStudio.QualityTools.Tips.UnitTest.Adapter, Version=10.0.0.0, Culture=neutral, PublicKeyToken=b03f5f7f11d50a3a" className="unit_tests.LogicTest, unit_tests, Version=1.0.0.0, Culture=neutral, PublicKeyToken=null" name="EM1_OP3Test" />
    </UnitTest>
    <UnitTest name="EM3_OP7Test" storage="c:\documents and settings\jari huilla\my documents\exercise\gui-app\unit_tests\unit_tests\bin\debug\unit_tests.dll" id="e38ccfdc-9ab4-5eb0-e269-506394bd6b60">
      <DeploymentItems>
        <DeploymentItem filename="gui-app.exe" />
      </DeploymentItems>
      <Execution id="60fd16c9-2dde-473b-b338-bdf6e0ed10f9" />
      <TestMethod codeBase="C:/Documents and Settings/Jari Huilla/My Documents/exercise/gui-app/unit_tests/unit_tests/bin/Debug/unit_tests.DLL" adapterTypeName="Microsoft.VisualStudio.TestTools.TestTypes.Unit.UnitTestAdapter, Microsoft.VisualStudio.QualityTools.Tips.UnitTest.Adapter, Version=10.0.0.0, Culture=neutral, PublicKeyToken=b03f5f7f11d50a3a" className="unit_tests.LogicTest, unit_tests, Version=1.0.0.0, Culture=neutral, PublicKeyToken=null" name="EM3_OP7Test" />
    </UnitTest>
    <UnitTest name="EM5_OP3Test" storage="c:\documents and settings\jari huilla\my documents\exercise\gui-app\unit_tests\unit_tests\bin\debug\unit_tests.dll" id="fe678de6-d5ee-6074-95a2-83dfbf899f4b">
      <DeploymentItems>
        <DeploymentItem filename="gui-app.exe" />
      </DeploymentItems>
      <Execution id="88d82e31-e187-4167-92f3-89fe83bc87fa" />
      <TestMethod codeBase="C:/Documents and Settings/Jari Huilla/My Documents/exercise/gui-app/unit_tests/unit_tests/bin/Debug/unit_tests.DLL" adapterTypeName="Microsoft.VisualStudio.TestTools.TestTypes.Unit.UnitTestAdapter, Microsoft.VisualStudio.QualityTools.Tips.UnitTest.Adapter, Version=10.0.0.0, Culture=neutral, PublicKeyToken=b03f5f7f11d50a3a" className="unit_tests.LogicTest, unit_tests, Version=1.0.0.0, Culture=neutral, PublicKeyToken=null" name="EM5_OP3Test" />
    </UnitTest>
    <UnitTest name="LogicConstructorTest" storage="c:\documents and settings\jari huilla\my documents\exercise\gui-app\unit_tests\unit_tests\bin\debug\unit_tests.dll" id="7c41d6a4-800c-6ec6-101b-7d3d063f2709">
      <Execution id="014b4eb4-0839-4a6a-966e-d0a37a44c669" />
      <TestMethod codeBase="C:/Documents and Settings/Jari Huilla/My Documents/exercise/gui-app/unit_tests/unit_tests/bin/Debug/unit_tests.DLL" adapterTypeName="Microsoft.VisualStudio.TestTools.TestTypes.Unit.UnitTestAdapter, Microsoft.VisualStudio.QualityTools.Tips.UnitTest.Adapter, Version=10.0.0.0, Culture=neutral, PublicKeyToken=b03f5f7f11d50a3a" className="unit_tests.LogicTest, unit_tests, Version=1.0.0.0, Culture=neutral, PublicKeyToken=null" name="LogicConstructorTest" />
    </UnitTest>
    <UnitTest name="EM2_OP1Test" storage="c:\documents and settings\jari huilla\my documents\exercise\gui-app\unit_tests\unit_tests\bin\debug\unit_tests.dll" id="e816d77c-2af0-f1c2-1dd2-1855f060da00">
      <DeploymentItems>
        <DeploymentItem filename="gui-app.exe" />
      </DeploymentItems>
      <Execution id="03ee89d9-61c2-4434-8ee5-65eb64290361" />
      <TestMethod codeBase="C:/Documents and Settings/Jari Huilla/My Documents/exercise/gui-app/unit_tests/unit_tests/bin/Debug/unit_tests.DLL" adapterTypeName="Microsoft.VisualStudio.TestTools.TestTypes.Unit.UnitTestAdapter, Microsoft.VisualStudio.QualityTools.Tips.UnitTest.Adapter, Version=10.0.0.0, Culture=neutral, PublicKeyToken=b03f5f7f11d50a3a" className="unit_tests.LogicTest, unit_tests, Version=1.0.0.0, Culture=neutral, PublicKeyToken=null" name="EM2_OP1Test" />
    </UnitTest>
    <UnitTest name="update_LS300m_statusTest" storage="c:\documents and settings\jari huilla\my documents\exercise\gui-app\unit_tests\unit_tests\bin\debug\unit_tests.dll" id="6e367d9c-9993-1d41-1249-e61835bc3870">
      <DeploymentItems>
        <DeploymentItem filename="gui-app.exe" />
      </DeploymentItems>
      <Execution id="f10cc9a4-0afb-4711-8d09-c7967bbe351d" />
      <TestMethod codeBase="C:/Documents and Settings/Jari Huilla/My Documents/exercise/gui-app/unit_tests/unit_tests/bin/Debug/unit_tests.DLL" adapterTypeName="Microsoft.VisualStudio.TestTools.TestTypes.Unit.UnitTestAdapter, Microsoft.VisualStudio.QualityTools.Tips.UnitTest.Adapter, Version=10.0.0.0, Culture=neutral, PublicKeyToken=b03f5f7f11d50a3a" className="unit_tests.MainWindowTest, unit_tests, Version=1.0.0.0, Culture=neutral, PublicKeyToken=null" name="update_LS300m_statusTest" />
    </UnitTest>
    <UnitTest name="ConnectOpcUaConstructorTest" storage="c:\documents and settings\jari huilla\my documents\exercise\gui-app\unit_tests\unit_tests\bin\debug\unit_tests.dll" id="5b3ff60e-a583-2f5a-8951-53d06aaafd2c">
      <Execution id="c04b0b03-613f-4388-b4b5-bc13b7612da9" />
      <TestMethod codeBase="C:/Documents and Settings/Jari Huilla/My Documents/exercise/gui-app/unit_tests/unit_tests/bin/Debug/unit_tests.DLL" adapterTypeName="Microsoft.VisualStudio.TestTools.TestTypes.Unit.UnitTestAdapter, Microsoft.VisualStudio.QualityTools.Tips.UnitTest.Adapter, Version=10.0.0.0, Culture=neutral, PublicKeyToken=b03f5f7f11d50a3a" className="unit_tests.ConnectOpcUaTest, unit_tests, Version=1.0.0.0, Culture=neutral, PublicKeyToken=null" name="ConnectOpcUaConstructorTest" />
    </UnitTest>
    <UnitTest name="start_processTest" storage="c:\documents and settings\jari huilla\my documents\exercise\gui-app\unit_tests\unit_tests\bin\debug\unit_tests.dll" id="f2f954a3-de37-203c-ccb1-5cdb67e52f8c">
      <Execution id="9f4ea591-8958-47ef-a0b0-395346b11745" />
      <TestMethod codeBase="C:/Documents and Settings/Jari Huilla/My Documents/exercise/gui-app/unit_tests/unit_tests/bin/Debug/unit_tests.DLL" adapterTypeName="Microsoft.VisualStudio.TestTools.TestTypes.Unit.UnitTestAdapter, Microsoft.VisualStudio.QualityTools.Tips.UnitTest.Adapter, Version=10.0.0.0, Culture=neutral, PublicKeyToken=b03f5f7f11d50a3a" className="unit_tests.LogicTest, unit_tests, Version=1.0.0.0, Culture=neutral, PublicKeyToken=null" name="start_processTest" />
    </UnitTest>
    <UnitTest name="U1_OP2Test" storage="c:\documents and settings\jari huilla\my documents\exercise\gui-app\unit_tests\unit_tests\bin\debug\unit_tests.dll" id="f64d7652-46e8-b802-ee98-974f95eac67c">
      <DeploymentItems>
        <DeploymentItem filename="gui-app.exe" />
      </DeploymentItems>
      <Execution id="9eaaeb91-4d76-47ba-ba63-e76f3b87eaae" />
      <TestMethod codeBase="C:/Documents and Settings/Jari Huilla/My Documents/exercise/gui-app/unit_tests/unit_tests/bin/Debug/unit_tests.DLL" adapterTypeName="Microsoft.VisualStudio.TestTools.TestTypes.Unit.UnitTestAdapter, Microsoft.VisualStudio.QualityTools.Tips.UnitTest.Adapter, Version=10.0.0.0, Culture=neutral, PublicKeyToken=b03f5f7f11d50a3a" className="unit_tests.LogicTest, unit_tests, Version=1.0.0.0, Culture=neutral, PublicKeyToken=null" name="U1_OP2Test" />
    </UnitTest>
    <UnitTest name="connectTest" storage="c:\documents and settings\jari huilla\my documents\exercise\gui-app\unit_tests\unit_tests\bin\debug\unit_tests.dll" id="93c0981d-b76c-243b-e565-a1e65a1d6057">
      <Execution id="5713c5ad-fb17-49f7-b3c4-c5d11d85d9ad" />
      <TestMethod codeBase="C:/Documents and Settings/Jari Huilla/My Documents/exercise/gui-app/unit_tests/unit_tests/bin/Debug/unit_tests.DLL" adapterTypeName="Microsoft.VisualStudio.TestTools.TestTypes.Unit.UnitTestAdapter, Microsoft.VisualStudio.QualityTools.Tips.UnitTest.Adapter, Version=10.0.0.0, Culture=neutral, PublicKeyToken=b03f5f7f11d50a3a" className="unit_tests.ConnectOpcUaTest, unit_tests, Version=1.0.0.0, Culture=neutral, PublicKeyToken=null" name="connectTest" />
    </UnitTest>
    <UnitTest name="update_TI300_valueTest" storage="c:\documents and settings\jari huilla\my documents\exercise\gui-app\unit_tests\unit_tests\bin\debug\unit_tests.dll" id="ae0eeb43-6e0e-a48d-851f-e4cd34a41346">
      <Execution id="1bd1f196-156e-490f-9eca-3299f9c1b88d" />
      <TestMethod codeBase="C:/Documents and Settings/Jari Huilla/My Documents/exercise/gui-app/unit_tests/unit_tests/bin/Debug/unit_tests.DLL" adapterTypeName="Microsoft.VisualStudio.TestTools.TestTypes.Unit.UnitTestAdapter, Microsoft.VisualStudio.QualityTools.Tips.UnitTest.Adapter, Version=10.0.0.0, Culture=neutral, PublicKeyToken=b03f5f7f11d50a3a" className="unit_tests.MainWindowTest, unit_tests, Version=1.0.0.0, Culture=neutral, PublicKeyToken=null" name="update_TI300_valueTest" />
    </UnitTest>
    <UnitTest name="EM3_OP3Test" storage="c:\documents and settings\jari huilla\my documents\exercise\gui-app\unit_tests\unit_tests\bin\debug\unit_tests.dll" id="3af9a9c8-a438-6bbb-13f1-fb9fafc29ac8">
      <DeploymentItems>
        <DeploymentItem filename="gui-app.exe" />
      </DeploymentItems>
      <Execution id="3864bec7-46a0-4cf6-bf5a-19c021fcce8e" />
      <TestMethod codeBase="C:/Documents and Settings/Jari Huilla/My Documents/exercise/gui-app/unit_tests/unit_tests/bin/Debug/unit_tests.DLL" adapterTypeName="Microsoft.VisualStudio.TestTools.TestTypes.Unit.UnitTestAdapter, Microsoft.VisualStudio.QualityTools.Tips.UnitTest.Adapter, Version=10.0.0.0, Culture=neutral, PublicKeyToken=b03f5f7f11d50a3a" className="unit_tests.LogicTest, unit_tests, Version=1.0.0.0, Culture=neutral, PublicKeyToken=null" name="EM3_OP3Test" />
    </UnitTest>
    <UnitTest name="U1_OP4Test" storage="c:\documents and settings\jari huilla\my documents\exercise\gui-app\unit_tests\unit_tests\bin\debug\unit_tests.dll" id="2b60809d-3b40-e06e-d783-13daba8a50e4">
      <DeploymentItems>
        <DeploymentItem filename="gui-app.exe" />
      </DeploymentItems>
      <Execution id="0813dc91-24df-4436-b8bc-08384434837b" />
      <TestMethod codeBase="C:/Documents and Settings/Jari Huilla/My Documents/exercise/gui-app/unit_tests/unit_tests/bin/Debug/unit_tests.DLL" adapterTypeName="Microsoft.VisualStudio.TestTools.TestTypes.Unit.UnitTestAdapter, Microsoft.VisualStudio.QualityTools.Tips.UnitTest.Adapter, Version=10.0.0.0, Culture=neutral, PublicKeyToken=b03f5f7f11d50a3a" className="unit_tests.LogicTest, unit_tests, Version=1.0.0.0, Culture=neutral, PublicKeyToken=null" name="U1_OP4Test" />
    </UnitTest>
    <UnitTest name="EM3_OP2Test" storage="c:\documents and settings\jari huilla\my documents\exercise\gui-app\unit_tests\unit_tests\bin\debug\unit_tests.dll" id="3a3a04c0-beba-61c0-9596-37ab028e966a">
      <DeploymentItems>
        <DeploymentItem filename="gui-app.exe" />
      </DeploymentItems>
      <Execution id="c514ebf6-a2fa-4b96-ae42-39b5027d3468" />
      <TestMethod codeBase="C:/Documents and Settings/Jari Huilla/My Documents/exercise/gui-app/unit_tests/unit_tests/bin/Debug/unit_tests.DLL" adapterTypeName="Microsoft.VisualStudio.TestTools.TestTypes.Unit.UnitTestAdapter, Microsoft.VisualStudio.QualityTools.Tips.UnitTest.Adapter, Version=10.0.0.0, Culture=neutral, PublicKeyToken=b03f5f7f11d50a3a" className="unit_tests.LogicTest, unit_tests, Version=1.0.0.0, Culture=neutral, PublicKeyToken=null" name="EM3_OP2Test" />
    </UnitTest>
    <UnitTest name="update_PI300_valueTest" storage="c:\documents and settings\jari huilla\my documents\exercise\gui-app\unit_tests\unit_tests\bin\debug\unit_tests.dll" id="381a9000-13f7-0ac0-d1c9-a793b91f09b2">
      <Execution id="665b7abb-be1a-4a54-a6cf-070d150b337d" />
      <TestMethod codeBase="C:/Documents and Settings/Jari Huilla/My Documents/exercise/gui-app/unit_tests/unit_tests/bin/Debug/unit_tests.DLL" adapterTypeName="Microsoft.VisualStudio.TestTools.TestTypes.Unit.UnitTestAdapter, Microsoft.VisualStudio.QualityTools.Tips.UnitTest.Adapter, Version=10.0.0.0, Culture=neutral, PublicKeyToken=b03f5f7f11d50a3a" className="unit_tests.MainWindowTest, unit_tests, Version=1.0.0.0, Culture=neutral, PublicKeyToken=null" name="update_PI300_valueTest" />
    </UnitTest>
  </TestDefinitions>
  <TestLists>
    <TestList name="Results Not in a List" id="8c84fa94-04c1-424b-9868-57a2d4851a1d" />
    <TestList name="All Loaded Results" id="19431567-8539-422a-85d7-44ee4e166bda" />
  </TestLists>
  <TestEntries>
    <TestEntry testId="135d9a16-0f3d-d98b-b384-52f48469a9fc" executionId="bfd2f27d-0ddd-4204-9b34-dd63e32bfab1" testListId="8c84fa94-04c1-424b-9868-57a2d4851a1d" />
    <TestEntry testId="190cf5ac-e335-12c6-e286-0a62f070242d" executionId="b1b3ee64-3912-458c-9205-4667835c6be6" testListId="8c84fa94-04c1-424b-9868-57a2d4851a1d" />
    <TestEntry testId="1a7e60df-ef55-c1eb-d5bd-cd063bbbe14f" executionId="0f3dd6b0-cbfa-4bb6-819f-29fcc26795da" testListId="8c84fa94-04c1-424b-9868-57a2d4851a1d" />
    <TestEntry testId="225e5f49-9319-5e20-15eb-71e980b61aa7" executionId="5abd3964-7eb2-460e-a09e-16a7cb295fb8" testListId="8c84fa94-04c1-424b-9868-57a2d4851a1d" />
    <TestEntry testId="2484c15f-a6bd-8fdd-62e9-34805d7138ee" executionId="523f2909-f2d1-45a9-8849-291841ea39d2" testListId="8c84fa94-04c1-424b-9868-57a2d4851a1d" />
    <TestEntry testId="2a434934-e4d9-ee0e-6c3a-4a8422942f18" executionId="203ab18d-b1ed-4e93-8ab8-d5b5a41c385c" testListId="8c84fa94-04c1-424b-9868-57a2d4851a1d" />
    <TestEntry testId="2b60809d-3b40-e06e-d783-13daba8a50e4" executionId="0813dc91-24df-4436-b8bc-08384434837b" testListId="8c84fa94-04c1-424b-9868-57a2d4851a1d" />
    <TestEntry testId="2c0e89c9-79c6-22bb-d773-0a395390dc69" executionId="396df6e6-5972-46d4-80d6-514a458b04f4" testListId="8c84fa94-04c1-424b-9868-57a2d4851a1d" />
    <TestEntry testId="381a9000-13f7-0ac0-d1c9-a793b91f09b2" executionId="665b7abb-be1a-4a54-a6cf-070d150b337d" testListId="8c84fa94-04c1-424b-9868-57a2d4851a1d" />
    <TestEntry testId="3a2a0858-23be-19a9-e854-c9b2440ca5c8" executionId="518587b7-d5d2-40ae-b5b4-0d6aafe3e7f2" testListId="8c84fa94-04c1-424b-9868-57a2d4851a1d" />
    <TestEntry testId="3a3a04c0-beba-61c0-9596-37ab028e966a" executionId="c514ebf6-a2fa-4b96-ae42-39b5027d3468" testListId="8c84fa94-04c1-424b-9868-57a2d4851a1d" />
    <TestEntry testId="3af9a9c8-a438-6bbb-13f1-fb9fafc29ac8" executionId="3864bec7-46a0-4cf6-bf5a-19c021fcce8e" testListId="8c84fa94-04c1-424b-9868-57a2d4851a1d" />
    <TestEntry testId="3bd0d5a0-e9de-ce8f-b3c1-a6babb01f328" executionId="7faf2d2d-77d0-4bd4-b964-605a76bb38be" testListId="8c84fa94-04c1-424b-9868-57a2d4851a1d" />
    <TestEntry testId="3e7645e8-799a-a23a-c556-4a27cd05317d" executionId="43cb80d9-a032-4862-ac23-e2945a174e59" testListId="8c84fa94-04c1-424b-9868-57a2d4851a1d" />
    <TestEntry testId="43a78f4d-84b5-1406-8c7b-f0ff9b22a81c" executionId="a6729658-6f60-447c-86c6-b4b06f3dcad9" testListId="8c84fa94-04c1-424b-9868-57a2d4851a1d" />
    <TestEntry testId="4651fef4-be07-f97e-dc5f-1f879df387d5" executionId="8ad2f10b-2d5d-4f36-8511-c568e187e53c" testListId="8c84fa94-04c1-424b-9868-57a2d4851a1d" />
    <TestEntry testId="50910027-bca4-5b3b-853c-152508de3f8e" executionId="cf43347f-31d8-4b1d-884a-694786201e78" testListId="8c84fa94-04c1-424b-9868-57a2d4851a1d" />
    <TestEntry testId="559cae99-0cdf-f67f-04b4-de1bd78272f9" executionId="f5c6bc07-8aea-498a-af10-d7a9be86d598" testListId="8c84fa94-04c1-424b-9868-57a2d4851a1d" />
    <TestEntry testId="5b3ff60e-a583-2f5a-8951-53d06aaafd2c" executionId="c04b0b03-613f-4388-b4b5-bc13b7612da9" testListId="8c84fa94-04c1-424b-9868-57a2d4851a1d" />
    <TestEntry testId="5de9d446-578b-4360-59f1-81fd6aedfe6f" executionId="fcb6838c-e5a7-42d1-a6ae-264d5f54402c" testListId="8c84fa94-04c1-424b-9868-57a2d4851a1d" />
    <TestEntry testId="64299ba7-01b4-3852-ddb4-66fb1ddd418c" executionId="3531880b-1a31-410c-bbe5-a2bd05f95be6" testListId="8c84fa94-04c1-424b-9868-57a2d4851a1d" />
    <TestEntry testId="6bd171df-c382-1558-2c7e-89b53efa35aa" executionId="3f07e9cc-5436-4795-ad73-8efdef984af5" testListId="8c84fa94-04c1-424b-9868-57a2d4851a1d" />
    <TestEntry testId="6e367d9c-9993-1d41-1249-e61835bc3870" executionId="f10cc9a4-0afb-4711-8d09-c7967bbe351d" testListId="8c84fa94-04c1-424b-9868-57a2d4851a1d" />
    <TestEntry testId="6f3c8267-44fd-9dd6-1aef-bc93eeb2c1a4" executionId="62d01140-abe5-4a0b-93c3-28c07afa622d" testListId="8c84fa94-04c1-424b-9868-57a2d4851a1d" />
    <TestEntry testId="77c302de-377d-d7ab-6e04-e3852b7ea1a4" executionId="2c02ab22-13c0-46cc-a13a-9a08717df482" testListId="8c84fa94-04c1-424b-9868-57a2d4851a1d" />
    <TestEntry testId="79603908-6c58-f867-d926-813208ddb12d" executionId="86dbf186-f3a2-4bf7-ae31-2d50ecf27a21" testListId="8c84fa94-04c1-424b-9868-57a2d4851a1d" />
    <TestEntry testId="7b0b0322-03c5-bfa5-6884-8a7285deb251" executionId="54c82df1-e097-4b96-9495-3b6c2c369fcf" testListId="8c84fa94-04c1-424b-9868-57a2d4851a1d" />
    <TestEntry testId="7c41d6a4-800c-6ec6-101b-7d3d063f2709" executionId="014b4eb4-0839-4a6a-966e-d0a37a44c669" testListId="8c84fa94-04c1-424b-9868-57a2d4851a1d" />
    <TestEntry testId="7dc9c9a3-ee2a-f9ea-cec2-1a8e8a2ba7ec" executionId="deef56cd-344e-43d8-97d4-5d506370d6e4" testListId="8c84fa94-04c1-424b-9868-57a2d4851a1d" />
    <TestEntry testId="8ac0dc75-b417-f8db-9da9-ddf97bd434a3" executionId="61f40c3a-9396-4e34-bd4c-7cbf8f172aa3" testListId="8c84fa94-04c1-424b-9868-57a2d4851a1d" />
    <TestEntry testId="907d3d6c-1c5d-7ea5-73ea-4d2a9b726439" executionId="cb93edfe-a1c8-44b2-bc19-4ebbbf077f76" testListId="8c84fa94-04c1-424b-9868-57a2d4851a1d" />
    <TestEntry testId="93c0981d-b76c-243b-e565-a1e65a1d6057" executionId="5713c5ad-fb17-49f7-b3c4-c5d11d85d9ad" testListId="8c84fa94-04c1-424b-9868-57a2d4851a1d" />
    <TestEntry testId="9a064fba-8260-d8f3-431c-da15e7436be3" executionId="fc13cd5d-17f4-4ed8-b695-bb24ad34bc8a" testListId="8c84fa94-04c1-424b-9868-57a2d4851a1d" />
    <TestEntry testId="9babf3fc-a46b-9592-3a7e-6eb979254120" executionId="8538e58a-21eb-472f-a9a2-4a9f74e74443" testListId="8c84fa94-04c1-424b-9868-57a2d4851a1d" />
    <TestEntry testId="a44017f8-8b5c-5909-536d-3ebcc259f952" executionId="bbcb9121-cfbb-4def-82ee-e17e9c666187" testListId="8c84fa94-04c1-424b-9868-57a2d4851a1d" />
    <TestEntry testId="ae0eeb43-6e0e-a48d-851f-e4cd34a41346" executionId="1bd1f196-156e-490f-9eca-3299f9c1b88d" testListId="8c84fa94-04c1-424b-9868-57a2d4851a1d" />
    <TestEntry testId="b0805486-7606-6eff-4d14-e06f479655d8" executionId="66220373-7832-47db-87d6-8e8d1acf1e5a" testListId="8c84fa94-04c1-424b-9868-57a2d4851a1d" />
    <TestEntry testId="b42c3a56-667a-f33b-8392-5960b32e3f0c" executionId="b9f769ea-5b1e-49e9-b690-c075ae6db8a6" testListId="8c84fa94-04c1-424b-9868-57a2d4851a1d" />
    <TestEntry testId="b53aebfb-dd1b-29c6-5b46-5924eb5bd43c" executionId="39ad5831-e565-48c4-927d-deae5070a825" testListId="8c84fa94-04c1-424b-9868-57a2d4851a1d" />
    <TestEntry testId="cb9f4255-bba2-0788-8d42-3f2275175fc3" executionId="5442ce2b-85f8-47e4-8b3f-73f2816f98c6" testListId="8c84fa94-04c1-424b-9868-57a2d4851a1d" />
    <TestEntry testId="cc713445-75e4-3ddd-4f7b-4883675cea50" executionId="90ff137b-8157-4d5e-9ac7-c9c126d0d5f3" testListId="8c84fa94-04c1-424b-9868-57a2d4851a1d" />
    <TestEntry testId="d4ecd901-031d-812e-030d-cfebb162feaf" executionId="acb36454-1d4b-4691-83a9-3bea5a434f1d" testListId="8c84fa94-04c1-424b-9868-57a2d4851a1d" />
    <TestEntry testId="db685ce1-79d9-c78e-3954-604e7dc5158c" executionId="db8888c0-9d08-447a-a172-9e3fdb5f7eed" testListId="8c84fa94-04c1-424b-9868-57a2d4851a1d" />
    <TestEntry testId="e38ccfdc-9ab4-5eb0-e269-506394bd6b60" executionId="60fd16c9-2dde-473b-b338-bdf6e0ed10f9" testListId="8c84fa94-04c1-424b-9868-57a2d4851a1d" />
    <TestEntry testId="e816d77c-2af0-f1c2-1dd2-1855f060da00" executionId="03ee89d9-61c2-4434-8ee5-65eb64290361" testListId="8c84fa94-04c1-424b-9868-57a2d4851a1d" />
    <TestEntry testId="ee154a8a-177f-5471-fe8f-a19abf8c0f12" executionId="c9b66e25-428a-4c5a-9db2-f1c23bd7722b" testListId="8c84fa94-04c1-424b-9868-57a2d4851a1d" />
    <TestEntry testId="f2f954a3-de37-203c-ccb1-5cdb67e52f8c" executionId="9f4ea591-8958-47ef-a0b0-395346b11745" testListId="8c84fa94-04c1-424b-9868-57a2d4851a1d" />
    <TestEntry testId="f3a6c914-560d-1140-6f85-f88e70cddb6a" executionId="f97e7f15-4e6c-458e-b4ac-89807b906aec" testListId="8c84fa94-04c1-424b-9868-57a2d4851a1d" />
    <TestEntry testId="f4718b36-646b-2b11-f5c9-9a9c0bf1492a" executionId="de146551-643e-4583-a004-088690ba080c" testListId="8c84fa94-04c1-424b-9868-57a2d4851a1d" />
    <TestEntry testId="f64d7652-46e8-b802-ee98-974f95eac67c" executionId="9eaaeb91-4d76-47ba-ba63-e76f3b87eaae" testListId="8c84fa94-04c1-424b-9868-57a2d4851a1d" />
    <TestEntry testId="fc457851-7569-0712-7c1c-5d9d65262068" executionId="812ec5b6-4b9e-45aa-ad1c-1b6e68039d4f" testListId="8c84fa94-04c1-424b-9868-57a2d4851a1d" />
    <TestEntry testId="fd2ef5ec-5e5e-6304-613d-dc2abffd59c9" executionId="c08ce94d-0d51-4111-afaa-cdf27c651ba8" testListId="8c84fa94-04c1-424b-9868-57a2d4851a1d" />
    <TestEntry testId="fe678de6-d5ee-6074-95a2-83dfbf899f4b" executionId="88d82e31-e187-4167-92f3-89fe83bc87fa" testListId="8c84fa94-04c1-424b-9868-57a2d4851a1d" />
  </TestEntries>
  <Results>
    <UnitTestResult executionId="bfd2f27d-0ddd-4204-9b34-dd63e32bfab1" testId="135d9a16-0f3d-d98b-b384-52f48469a9fc" testName="EM5_OP4Test" computerName="SYSTEEMILUOKKA" duration="00:00:00.1323321" startTime="2022-12-04T12:10:58.4655736+02:00" endTime="2022-12-04T12:10:59.2624486+02:00" testType="13cdc9d9-ddb5-4fa4-a97d-d965ccfc6d4b" outcome="Failed" testListId="8c84fa94-04c1-424b-9868-57a2d4851a1d" relativeResultsDirectory="bfd2f27d-0ddd-4204-9b34-dd63e32bfab1">
      <Output>
        <ErrorInfo>
          <Message>Test method unit_tests.LogicTest.EM5_OP4Test threw exception: 
System.NullReferenceException: Object reference not set to an instance of an object.</Message>
          <StackTrace>   at gui_app.Logic_Accessor.EM5_OP4()
   at unit_tests.LogicTest.EM5_OP4Test() in C:\Documents and Settings\Jari Huilla\My Documents\exercise\gui-app\unit_tests\unit_tests\LogicTest.cs:line 338
</StackTrace>
        </ErrorInfo>
      </Output>
    </UnitTestResult>
    <UnitTestResult executionId="b1b3ee64-3912-458c-9205-4667835c6be6" testId="190cf5ac-e335-12c6-e286-0a62f070242d" testName="EM5_OP1Test" computerName="SYSTEEMILUOKKA" duration="00:00:00.0057082" startTime="2022-12-04T12:10:59.2780736+02:00" endTime="2022-12-04T12:10:59.2936986+02:00" testType="13cdc9d9-ddb5-4fa4-a97d-d965ccfc6d4b" outcome="Failed" testListId="8c84fa94-04c1-424b-9868-57a2d4851a1d" relativeResultsDirectory="b1b3ee64-3912-458c-9205-4667835c6be6">
      <Output>
        <ErrorInfo>
          <Message>Test method unit_tests.LogicTest.EM5_OP1Test threw exception: 
System.NullReferenceException: Object reference not set to an instance of an object.</Message>
          <StackTrace>   at gui_app.Logic_Accessor.EM5_OP1()
   at unit_tests.LogicTest.EM5_OP1Test() in C:\Documents and Settings\Jari Huilla\My Documents\exercise\gui-app\unit_tests\unit_tests\LogicTest.cs:line 299
</StackTrace>
        </ErrorInfo>
      </Output>
    </UnitTestResult>
    <UnitTestResult executionId="0f3dd6b0-cbfa-4bb6-819f-29fcc26795da" testId="1a7e60df-ef55-c1eb-d5bd-cd063bbbe14f" testName="impregnationTest" computerName="SYSTEEMILUOKKA" duration="00:00:00.0260209" startTime="2022-12-04T12:10:59.2936986+02:00" endTime="2022-12-04T12:10:59.3249486+02:00" testType="13cdc9d9-ddb5-4fa4-a97d-d965ccfc6d4b" outcome="Failed" testListId="8c84fa94-04c1-424b-9868-57a2d4851a1d" relativeResultsDirectory="0f3dd6b0-cbfa-4bb6-819f-29fcc26795da">
      <Output>
        <ErrorInfo>
          <Message>Test method unit_tests.LogicTest.impregnationTest threw exception: 
System.NullReferenceException: Object reference not set to an instance of an object.</Message>
          <StackTrace>   at gui_app.Logic_Accessor.impregnation(Int32 i_time)
   at unit_tests.LogicTest.impregnationTest() in C:\Documents and Settings\Jari Huilla\My Documents\exercise\gui-app\unit_tests\unit_tests\LogicTest.cs:line 448
</StackTrace>
        </ErrorInfo>
      </Output>
    </UnitTestResult>
    <UnitTestResult executionId="5abd3964-7eb2-460e-a09e-16a7cb295fb8" testId="225e5f49-9319-5e20-15eb-71e980b61aa7" testName="EM4_OP2Test" computerName="SYSTEEMILUOKKA" duration="00:00:00.0091279" startTime="2022-12-04T12:10:59.3249486+02:00" endTime="2022-12-04T12:10:59.3405736+02:00" testType="13cdc9d9-ddb5-4fa4-a97d-d965ccfc6d4b" outcome="Failed" testListId="8c84fa94-04c1-424b-9868-57a2d4851a1d" relativeResultsDirectory="5abd3964-7eb2-460e-a09e-16a7cb295fb8">
      <Output>
        <ErrorInfo>
          <Message>Test method unit_tests.LogicTest.EM4_OP2Test threw exception: 
System.NullReferenceException: Object reference not set to an instance of an object.</Message>
          <StackTrace>   at gui_app.Logic_Accessor.EM4_OP2()
   at unit_tests.LogicTest.EM4_OP2Test() in C:\Documents and Settings\Jari Huilla\My Documents\exercise\gui-app\unit_tests\unit_tests\LogicTest.cs:line 286
</StackTrace>
        </ErrorInfo>
      </Output>
    </UnitTestResult>
    <UnitTestResult executionId="523f2909-f2d1-45a9-8849-291841ea39d2" testId="2484c15f-a6bd-8fdd-62e9-34805d7138ee" testName="EM2_OP2Test" computerName="SYSTEEMILUOKKA" duration="00:00:00.0118400" startTime="2022-12-04T12:10:59.3405736+02:00" endTime="2022-12-04T12:10:59.3561986+02:00" testType="13cdc9d9-ddb5-4fa4-a97d-d965ccfc6d4b" outcome="Failed" testListId="8c84fa94-04c1-424b-9868-57a2d4851a1d" relativeResultsDirectory="523f2909-f2d1-45a9-8849-291841ea39d2">
      <Output>
        <ErrorInfo>
          <Message>Test method unit_tests.LogicTest.EM2_OP2Test threw exception: 
System.NullReferenceException: Object reference not set to an instance of an object.</Message>
          <StackTrace>   at gui_app.Logic_Accessor.EM2_OP2()
   at unit_tests.LogicTest.EM2_OP2Test() in C:\Documents and Settings\Jari Huilla\My Documents\exercise\gui-app\unit_tests\unit_tests\LogicTest.cs:line 156
</StackTrace>
        </ErrorInfo>
      </Output>
    </UnitTestResult>
    <UnitTestResult executionId="203ab18d-b1ed-4e93-8ab8-d5b5a41c385c" testId="2a434934-e4d9-ee0e-6c3a-4a8422942f18" testName="EM3_OP8Test" computerName="SYSTEEMILUOKKA" duration="00:00:00.0101261" startTime="2022-12-04T12:10:59.3561986+02:00" endTime="2022-12-04T12:10:59.3718236+02:00" testType="13cdc9d9-ddb5-4fa4-a97d-d965ccfc6d4b" outcome="Failed" testListId="8c84fa94-04c1-424b-9868-57a2d4851a1d" relativeResultsDirectory="203ab18d-b1ed-4e93-8ab8-d5b5a41c385c">
      <Output>
        <ErrorInfo>
          <Message>Test method unit_tests.LogicTest.EM3_OP8Test threw exception: 
System.NullReferenceException: Object reference not set to an instance of an object.</Message>
          <StackTrace>   at gui_app.Logic_Accessor.EM3_OP8()
   at unit_tests.LogicTest.EM3_OP8Test() in C:\Documents and Settings\Jari Huilla\My Documents\exercise\gui-app\unit_tests\unit_tests\LogicTest.cs:line 260
</StackTrace>
        </ErrorInfo>
      </Output>
    </UnitTestResult>
    <UnitTestResult executionId="0813dc91-24df-4436-b8bc-08384434837b" testId="2b60809d-3b40-e06e-d783-13daba8a50e4" testName="U1_OP4Test" computerName="SYSTEEMILUOKKA" duration="00:00:00.0109835" startTime="2022-12-04T12:10:59.3718236+02:00" endTime="2022-12-04T12:10:59.3874486+02:00" testType="13cdc9d9-ddb5-4fa4-a97d-d965ccfc6d4b" outcome="Failed" testListId="8c84fa94-04c1-424b-9868-57a2d4851a1d" relativeResultsDirectory="0813dc91-24df-4436-b8bc-08384434837b">
      <Output>
        <ErrorInfo>
          <Message>Test method unit_tests.LogicTest.U1_OP4Test threw exception: 
System.NullReferenceException: Object reference not set to an instance of an object.</Message>
          <StackTrace>   at gui_app.Logic_Accessor.U1_OP4()
   at unit_tests.LogicTest.U1_OP4Test() in C:\Documents and Settings\Jari Huilla\My Documents\exercise\gui-app\unit_tests\unit_tests\LogicTest.cs:line 392
</StackTrace>
        </ErrorInfo>
      </Output>
    </UnitTestResult>
    <UnitTestResult executionId="396df6e6-5972-46d4-80d6-514a458b04f4" testId="2c0e89c9-79c6-22bb-d773-0a395390dc69" testName="EM3_OP1Test" computerName="SYSTEEMILUOKKA" duration="00:00:00.0082057" startTime="2022-12-04T12:10:59.3874486+02:00" endTime="2022-12-04T12:10:59.4030736+02:00" testType="13cdc9d9-ddb5-4fa4-a97d-d965ccfc6d4b" outcome="Failed" testListId="8c84fa94-04c1-424b-9868-57a2d4851a1d" relativeResultsDirectory="396df6e6-5972-46d4-80d6-514a458b04f4">
      <Output>
        <ErrorInfo>
          <Message>Test method unit_tests.LogicTest.EM3_OP1Test threw exception: 
System.NullReferenceException: Object reference not set to an instance of an object.</Message>
          <StackTrace>   at gui_app.Logic_Accessor.EM3_OP1()
   at unit_tests.LogicTest.EM3_OP1Test() in C:\Documents and Settings\Jari Huilla\My Documents\exercise\gui-app\unit_tests\unit_tests\LogicTest.cs:line 169
</StackTrace>
        </ErrorInfo>
      </Output>
    </UnitTestResult>
    <UnitTestResult executionId="665b7abb-be1a-4a54-a6cf-070d150b337d" testId="381a9000-13f7-0ac0-d1c9-a793b91f09b2" testName="update_PI300_valueTest" computerName="SYSTEEMILUOKKA" duration="00:00:00.4209769" startTime="2022-12-04T12:10:59.4030736+02:00" endTime="2022-12-04T12:10:59.8249498+02:00" testType="13cdc9d9-ddb5-4fa4-a97d-d965ccfc6d4b" outcome="Passed" testListId="8c84fa94-04c1-424b-9868-57a2d4851a1d" relativeResultsDirectory="665b7abb-be1a-4a54-a6cf-070d150b337d">
    </UnitTestResult>
    <UnitTestResult executionId="518587b7-d5d2-40ae-b5b4-0d6aafe3e7f2" testId="3a2a0858-23be-19a9-e854-c9b2440ca5c8" testName="EM1_OP1Test" computerName="SYSTEEMILUOKKA" duration="00:00:00.0041468" startTime="2022-12-04T12:10:59.8249498+02:00" endTime="2022-12-04T12:10:59.8405754+02:00" testType="13cdc9d9-ddb5-4fa4-a97d-d965ccfc6d4b" outcome="Failed" testListId="8c84fa94-04c1-424b-9868-57a2d4851a1d" relativeResultsDirectory="518587b7-d5d2-40ae-b5b4-0d6aafe3e7f2">
      <Output>
        <ErrorInfo>
          <Message>Test method unit_tests.LogicTest.EM1_OP1Test threw exception: 
System.NullReferenceException: Object reference not set to an instance of an object.</Message>
          <StackTrace>   at gui_app.Logic_Accessor.EM1_OP1()
   at unit_tests.LogicTest.EM1_OP1Test() in C:\Documents and Settings\Jari Huilla\My Documents\exercise\gui-app\unit_tests\unit_tests\LogicTest.cs:line 91
</StackTrace>
        </ErrorInfo>
      </Output>
    </UnitTestResult>
    <UnitTestResult executionId="c514ebf6-a2fa-4b96-ae42-39b5027d3468" testId="3a3a04c0-beba-61c0-9596-37ab028e966a" testName="EM3_OP2Test" computerName="SYSTEEMILUOKKA" duration="00:00:00.0087592" startTime="2022-12-04T12:10:59.8405754+02:00" endTime="2022-12-04T12:10:59.8562010+02:00" testType="13cdc9d9-ddb5-4fa4-a97d-d965ccfc6d4b" outcome="Failed" testListId="8c84fa94-04c1-424b-9868-57a2d4851a1d" relativeResultsDirectory="c514ebf6-a2fa-4b96-ae42-39b5027d3468">
      <Output>
        <ErrorInfo>
          <Message>Test method unit_tests.LogicTest.EM3_OP2Test threw exception: 
System.NullReferenceException: Object reference not set to an instance of an object.</Message>
          <StackTrace>   at gui_app.Logic_Accessor.EM3_OP2()
   at unit_tests.LogicTest.EM3_OP2Test() in C:\Documents and Settings\Jari Huilla\My Documents\exercise\gui-app\unit_tests\unit_tests\LogicTest.cs:line 182
</StackTrace>
        </ErrorInfo>
      </Output>
    </UnitTestResult>
    <UnitTestResult executionId="3864bec7-46a0-4cf6-bf5a-19c021fcce8e" testId="3af9a9c8-a438-6bbb-13f1-fb9fafc29ac8" testName="EM3_OP3Test" computerName="SYSTEEMILUOKKA" duration="00:00:00.0097624" startTime="2022-12-04T12:10:59.8562010+02:00" endTime="2022-12-04T12:10:59.8718266+02:00" testType="13cdc9d9-ddb5-4fa4-a97d-d965ccfc6d4b" outcome="Failed" testListId="8c84fa94-04c1-424b-9868-57a2d4851a1d" relativeResultsDirectory="3864bec7-46a0-4cf6-bf5a-19c021fcce8e">
      <Output>
        <ErrorInfo>
          <Message>Test method unit_tests.LogicTest.EM3_OP3Test threw exception: 
System.NullReferenceException: Object reference not set to an instance of an object.</Message>
          <StackTrace>   at gui_app.Logic_Accessor.EM3_OP3()
   at unit_tests.LogicTest.EM3_OP3Test() in C:\Documents and Settings\Jari Huilla\My Documents\exercise\gui-app\unit_tests\unit_tests\LogicTest.cs:line 195
</StackTrace>
        </ErrorInfo>
      </Output>
    </UnitTestResult>
    <UnitTestResult executionId="7faf2d2d-77d0-4bd4-b964-605a76bb38be" testId="3bd0d5a0-e9de-ce8f-b3c1-a6babb01f328" testName="change_sequence_statusTest" computerName="SYSTEEMILUOKKA" duration="00:00:00.0670808" startTime="2022-12-04T12:10:59.8718266+02:00" endTime="2022-12-04T12:10:59.9343290+02:00" testType="13cdc9d9-ddb5-4fa4-a97d-d965ccfc6d4b" outcome="Passed" testListId="8c84fa94-04c1-424b-9868-57a2d4851a1d" relativeResultsDirectory="7faf2d2d-77d0-4bd4-b964-605a76bb38be">
    </UnitTestResult>
    <UnitTestResult executionId="43cb80d9-a032-4862-ac23-e2945a174e59" testId="3e7645e8-799a-a23a-c556-4a27cd05317d" testName="EM4_OP1Test" computerName="SYSTEEMILUOKKA" duration="00:00:00.0017454" startTime="2022-12-04T12:10:59.9499546+02:00" endTime="2022-12-04T12:10:59.9499546+02:00" testType="13cdc9d9-ddb5-4fa4-a97d-d965ccfc6d4b" outcome="Failed" testListId="8c84fa94-04c1-424b-9868-57a2d4851a1d" relativeResultsDirectory="43cb80d9-a032-4862-ac23-e2945a174e59">
      <Output>
        <ErrorInfo>
          <Message>Test method unit_tests.LogicTest.EM4_OP1Test threw exception: 
System.NullReferenceException: Object reference not set to an instance of an object.</Message>
          <StackTrace>   at gui_app.Logic_Accessor.EM4_OP1()
   at unit_tests.LogicTest.EM4_OP1Test() in C:\Documents and Settings\Jari Huilla\My Documents\exercise\gui-app\unit_tests\unit_tests\LogicTest.cs:line 273
</StackTrace>
        </ErrorInfo>
      </Output>
    </UnitTestResult>
    <UnitTestResult executionId="a6729658-6f60-447c-86c6-b4b06f3dcad9" testId="43a78f4d-84b5-1406-8c7b-f0ff9b22a81c" testName="EM3_OP4Test" computerName="SYSTEEMILUOKKA" duration="00:00:00.0170669" startTime="2022-12-04T12:10:59.9499546+02:00" endTime="2022-12-04T12:10:59.9655802+02:00" testType="13cdc9d9-ddb5-4fa4-a97d-d965ccfc6d4b" outcome="Failed" testListId="8c84fa94-04c1-424b-9868-57a2d4851a1d" relativeResultsDirectory="a6729658-6f60-447c-86c6-b4b06f3dcad9">
      <Output>
        <ErrorInfo>
          <Message>Test method unit_tests.LogicTest.EM3_OP4Test threw exception: 
System.NullReferenceException: Object reference not set to an instance of an object.</Message>
          <StackTrace>   at gui_app.Logic_Accessor.EM3_OP4()
   at unit_tests.LogicTest.EM3_OP4Test() in C:\Documents and Settings\Jari Huilla\My Documents\exercise\gui-app\unit_tests\unit_tests\LogicTest.cs:line 208
</StackTrace>
        </ErrorInfo>
      </Output>
    </UnitTestResult>
    <UnitTestResult executionId="8ad2f10b-2d5d-4f36-8511-c568e187e53c" testId="4651fef4-be07-f97e-dc5f-1f879df387d5" testName="cookingTest" computerName="SYSTEEMILUOKKA" duration="00:00:00.0048528" startTime="2022-12-04T12:10:59.9655802+02:00" endTime="2022-12-04T12:10:59.9812058+02:00" testType="13cdc9d9-ddb5-4fa4-a97d-d965ccfc6d4b" outcome="Failed" testListId="8c84fa94-04c1-424b-9868-57a2d4851a1d" relativeResultsDirectory="8ad2f10b-2d5d-4f36-8511-c568e187e53c">
      <Output>
        <ErrorInfo>
          <Message>Test method unit_tests.LogicTest.cookingTest threw exception: 
System.NullReferenceException: Object reference not set to an instance of an object.</Message>
          <StackTrace>   at gui_app.Logic_Accessor.cooking(Double time, Int32 pressure, Double temp)
   at unit_tests.LogicTest.cookingTest() in C:\Documents and Settings\Jari Huilla\My Documents\exercise\gui-app\unit_tests\unit_tests\LogicTest.cs:line 421
</StackTrace>
        </ErrorInfo>
      </Output>
    </UnitTestResult>
    <UnitTestResult executionId="cf43347f-31d8-4b1d-884a-694786201e78" testId="50910027-bca4-5b3b-853c-152508de3f8e" testName="temperature_controlTest" computerName="SYSTEEMILUOKKA" duration="00:00:00.0057082" startTime="2022-12-04T12:10:59.9812058+02:00" endTime="2022-12-04T12:10:59.9812058+02:00" testType="13cdc9d9-ddb5-4fa4-a97d-d965ccfc6d4b" outcome="Inconclusive" testListId="8c84fa94-04c1-424b-9868-57a2d4851a1d" relativeResultsDirectory="cf43347f-31d8-4b1d-884a-694786201e78">
      <Output>
        <ErrorInfo>
          <Message>Assert.Inconclusive failed. Verify the correctness of this test method.</Message>
          <StackTrace>   at unit_tests.ControlTest.temperature_controlTest() in C:\Documents and Settings\Jari Huilla\My Documents\exercise\gui-app\unit_tests\unit_tests\ControlTest.cs:line 113
</StackTrace>
        </ErrorInfo>
      </Output>
    </UnitTestResult>
    <UnitTestResult executionId="f5c6bc07-8aea-498a-af10-d7a9be86d598" testId="559cae99-0cdf-f67f-04b4-de1bd78272f9" testName="white_liquor_fillTest" computerName="SYSTEEMILUOKKA" duration="00:00:00.0040072" startTime="2022-12-04T12:10:59.9812058+02:00" endTime="2022-12-04T12:10:59.9812058+02:00" testType="13cdc9d9-ddb5-4fa4-a97d-d965ccfc6d4b" outcome="Failed" testListId="8c84fa94-04c1-424b-9868-57a2d4851a1d" relativeResultsDirectory="f5c6bc07-8aea-498a-af10-d7a9be86d598">
      <Output>
        <ErrorInfo>
          <Message>Test method unit_tests.LogicTest.white_liquor_fillTest threw exception: 
System.NullReferenceException: Object reference not set to an instance of an object.</Message>
          <StackTrace>   at gui_app.Logic_Accessor.white_liquor_fill()
   at unit_tests.LogicTest.white_liquor_fillTest() in C:\Documents and Settings\Jari Huilla\My Documents\exercise\gui-app\unit_tests\unit_tests\LogicTest.cs:line 512
</StackTrace>
        </ErrorInfo>
      </Output>
    </UnitTestResult>
    <UnitTestResult executionId="c04b0b03-613f-4388-b4b5-bc13b7612da9" testId="5b3ff60e-a583-2f5a-8951-53d06aaafd2c" testName="ConnectOpcUaConstructorTest" computerName="SYSTEEMILUOKKA" duration="00:00:00.0587211" startTime="2022-12-04T12:10:59.9968314+02:00" endTime="2022-12-04T12:11:00.0437082+02:00" testType="13cdc9d9-ddb5-4fa4-a97d-d965ccfc6d4b" outcome="Passed" testListId="8c84fa94-04c1-424b-9868-57a2d4851a1d" relativeResultsDirectory="c04b0b03-613f-4388-b4b5-bc13b7612da9">
    </UnitTestResult>
    <UnitTestResult executionId="fcb6838c-e5a7-42d1-a6ae-264d5f54402c" testId="5de9d446-578b-4360-59f1-81fd6aedfe6f" testName="processTest" computerName="SYSTEEMILUOKKA" duration="00:00:00.0016664" startTime="2022-12-04T12:11:00.0593338+02:00" endTime="2022-12-04T12:11:00.0593338+02:00" testType="13cdc9d9-ddb5-4fa4-a97d-d965ccfc6d4b" outcome="Failed" testListId="8c84fa94-04c1-424b-9868-57a2d4851a1d" relativeResultsDirectory="fcb6838c-e5a7-42d1-a6ae-264d5f54402c">
      <Output>
        <ErrorInfo>
          <Message>Test method unit_tests.LogicTest.processTest threw exception: 
System.NullReferenceException: Object reference not set to an instance of an object.</Message>
          <StackTrace>   at gui_app.Logic_Accessor.process(Int32 i_time, Double c_time, Int32 c_pressure, Int32 c_temp)
   at unit_tests.LogicTest.processTest() in C:\Documents and Settings\Jari Huilla\My Documents\exercise\gui-app\unit_tests\unit_tests\LogicTest.cs:line 465
</StackTrace>
        </ErrorInfo>
      </Output>
    </UnitTestResult>
    <UnitTestResult executionId="3531880b-1a31-410c-bbe5-a2bd05f95be6" testId="64299ba7-01b4-3852-ddb4-66fb1ddd418c" testName="shutdown_processTest" computerName="SYSTEEMILUOKKA" duration="00:00:00.0047578" startTime="2022-12-04T12:11:00.0593338+02:00" endTime="2022-12-04T12:11:00.0593338+02:00" testType="13cdc9d9-ddb5-4fa4-a97d-d965ccfc6d4b" outcome="Failed" testListId="8c84fa94-04c1-424b-9868-57a2d4851a1d" relativeResultsDirectory="3531880b-1a31-410c-bbe5-a2bd05f95be6">
      <Output>
        <ErrorInfo>
          <Message>Test method unit_tests.LogicTest.shutdown_processTest threw exception: 
System.NullReferenceException: Object reference not set to an instance of an object.</Message>
          <StackTrace>    at gui_app.Logic.shutdown_process() in C:\Documents and Settings\Jari Huilla\My Documents\exercise\gui-app\gui-app\logic.cs:line 46
   at unit_tests.LogicTest.shutdown_processTest() in C:\Documents and Settings\Jari Huilla\My Documents\exercise\gui-app\unit_tests\unit_tests\LogicTest.cs:line 480
</StackTrace>
        </ErrorInfo>
      </Output>
    </UnitTestResult>
    <UnitTestResult executionId="3f07e9cc-5436-4795-ad73-8efdef984af5" testId="6bd171df-c382-1558-2c7e-89b53efa35aa" testName="check_input_valTest" computerName="SYSTEEMILUOKKA" duration="00:00:05.4553617" startTime="2022-12-04T12:11:00.0593338+02:00" endTime="2022-12-04T12:11:05.5282938+02:00" testType="13cdc9d9-ddb5-4fa4-a97d-d965ccfc6d4b" outcome="Passed" testListId="8c84fa94-04c1-424b-9868-57a2d4851a1d" relativeResultsDirectory="3f07e9cc-5436-4795-ad73-8efdef984af5">
    </UnitTestResult>
    <UnitTestResult executionId="f10cc9a4-0afb-4711-8d09-c7967bbe351d" testId="6e367d9c-9993-1d41-1249-e61835bc3870" testName="update_LS300m_statusTest" computerName="SYSTEEMILUOKKA" duration="00:00:00.0893255" startTime="2022-12-04T12:11:05.5282938+02:00" endTime="2022-12-04T12:11:05.6220474+02:00" testType="13cdc9d9-ddb5-4fa4-a97d-d965ccfc6d4b" outcome="Passed" testListId="8c84fa94-04c1-424b-9868-57a2d4851a1d" relativeResultsDirectory="f10cc9a4-0afb-4711-8d09-c7967bbe351d">
    </UnitTestResult>
    <UnitTestResult executionId="62d01140-abe5-4a0b-93c3-28c07afa622d" testId="6f3c8267-44fd-9dd6-1aef-bc93eeb2c1a4" testName="dischargeTest" computerName="SYSTEEMILUOKKA" duration="00:00:00.0017505" startTime="2022-12-04T12:11:05.6220474+02:00" endTime="2022-12-04T12:11:05.6220474+02:00" testType="13cdc9d9-ddb5-4fa4-a97d-d965ccfc6d4b" outcome="Failed" testListId="8c84fa94-04c1-424b-9868-57a2d4851a1d" relativeResultsDirectory="62d01140-abe5-4a0b-93c3-28c07afa622d">
      <Output>
        <ErrorInfo>
          <Message>Test method unit_tests.LogicTest.dischargeTest threw exception: 
System.NullReferenceException: Object reference not set to an instance of an object.</Message>
          <StackTrace>   at gui_app.Logic_Accessor.discharge()
   at unit_tests.LogicTest.dischargeTest() in C:\Documents and Settings\Jari Huilla\My Documents\exercise\gui-app\unit_tests\unit_tests\LogicTest.cs:line 434
</StackTrace>
        </ErrorInfo>
      </Output>
    </UnitTestResult>
    <UnitTestResult executionId="2c02ab22-13c0-46cc-a13a-9a08717df482" testId="77c302de-377d-d7ab-6e04-e3852b7ea1a4" testName="ControlConstructorTest" computerName="SYSTEEMILUOKKA" duration="00:00:00.0040734" startTime="2022-12-04T12:11:05.6220474+02:00" endTime="2022-12-04T12:11:05.6376730+02:00" testType="13cdc9d9-ddb5-4fa4-a97d-d965ccfc6d4b" outcome="Inconclusive" testListId="8c84fa94-04c1-424b-9868-57a2d4851a1d" relativeResultsDirectory="2c02ab22-13c0-46cc-a13a-9a08717df482">
      <Output>
        <ErrorInfo>
          <Message>Assert.Inconclusive failed. TODO: Implement code to verify target</Message>
          <StackTrace>   at unit_tests.ControlTest.ControlConstructorTest() in C:\Documents and Settings\Jari Huilla\My Documents\exercise\gui-app\unit_tests\unit_tests\ControlTest.cs:line 77
</StackTrace>
        </ErrorInfo>
      </Output>
    </UnitTestResult>
    <UnitTestResult executionId="86dbf186-f3a2-4bf7-ae31-2d50ecf27a21" testId="79603908-6c58-f867-d926-813208ddb12d" testName="update_pump_valueTest" computerName="SYSTEEMILUOKKA" duration="00:00:00.1169662" startTime="2022-12-04T12:11:05.6376730+02:00" endTime="2022-12-04T12:11:05.7470522+02:00" testType="13cdc9d9-ddb5-4fa4-a97d-d965ccfc6d4b" outcome="Passed" testListId="8c84fa94-04c1-424b-9868-57a2d4851a1d" relativeResultsDirectory="86dbf186-f3a2-4bf7-ae31-2d50ecf27a21">
    </UnitTestResult>
    <UnitTestResult executionId="54c82df1-e097-4b96-9495-3b6c2c369fcf" testId="7b0b0322-03c5-bfa5-6884-8a7285deb251" testName="invoke_E100_valueTest" computerName="SYSTEEMILUOKKA" duration="00:00:00.0372214" startTime="2022-12-04T12:11:05.7626778+02:00" endTime="2022-12-04T12:11:05.7939290+02:00" testType="13cdc9d9-ddb5-4fa4-a97d-d965ccfc6d4b" outcome="Passed" testListId="8c84fa94-04c1-424b-9868-57a2d4851a1d" relativeResultsDirectory="54c82df1-e097-4b96-9495-3b6c2c369fcf">
    </UnitTestResult>
[...]
</StackTrace>
        </ErrorInfo>
      </Output>
    </UnitTestResult>
    <UnitTestResult executionId="deef56cd-344e-43d8-97d4-5d506370d6e4" testId="7dc9c9a3-ee2a-f9ea-cec2-1a8e8a2ba7ec" testName="toggle_valveTest" computerName="SYSTEEMILUOKKA" duration="00:00:00.0194619" startTime="2022-12-04T12:11:05.8095546+02:00" endTime="2022-12-04T12:11:05.8408058+02:00" testType="13cdc9d9-ddb5-4fa4-a97d-d965ccfc6d4b" outcome="Passed" testListId="8c84fa94-04c1-424b-9868-57a2d4851a1d" relativeResultsDirectory="deef56cd-344e-43d8-97d4-5d506370d6e4">
    </UnitTestResult>
    <UnitTestResult executionId="61f40c3a-9396-4e34-bd4c-7cbf8f172aa3" testId="8ac0dc75-b417-f8db-9da9-ddf97bd434a3" testName="update_pb_StatusTest" computerName="SYSTEEMILUOKKA" duration="00:00:00.0355589" startTime="2022-12-04T12:11:05.8408058+02:00" endTime="2022-12-04T12:11:05.8876826+02:00" testType="13cdc9d9-ddb5-4fa4-a97d-d965ccfc6d4b" outcome="Passed" testListId="8c84fa94-04c1-424b-9868-57a2d4851a1d" relativeResultsDirectory="61f40c3a-9396-4e34-bd4c-7cbf8f172aa3">
    </UnitTestResult>
    <UnitTestResult executionId="cb93edfe-a1c8-44b2-bc19-4ebbbf077f76" testId="907d3d6c-1c5d-7ea5-73ea-4d2a9b726439" testName="EM1_OP2Test" computerName="SYSTEEMILUOKKA" duration="00:00:00.0053146" startTime="2022-12-04T12:11:05.8876826+02:00" endTime="2022-12-04T12:11:05.9033082+02:00" testType="13cdc9d9-ddb5-4fa4-a97d-d965ccfc6d4b" outcome="Failed" testListId="8c84fa94-04c1-424b-9868-57a2d4851a1d" relativeResultsDirectory="cb93edfe-a1c8-44b2-bc19-4ebbbf077f76">
      <Output>
        <ErrorInfo>
          <Message>Test method unit_tests.LogicTest.EM1_OP2Test threw exception: 
System.NullReferenceException: Object reference not set to an instance of an object.</Message>
          <StackTrace>   at gui_app.Logic_Accessor.EM1_OP2()
   at unit_tests.LogicTest.EM1_OP2Test() in C:\Documents and Settings\Jari Huilla\My Documents\exercise\gui-app\unit_tests\unit_tests\LogicTest.cs:line 104
</StackTrace>
        </ErrorInfo>
      </Output>
    </UnitTestResult>
    <UnitTestResult executionId="5713c5ad-fb17-49f7-b3c4-c5d11d85d9ad" testId="93c0981d-b76c-243b-e565-a1e65a1d6057" testName="connectTest" computerName="SYSTEEMILUOKKA" duration="00:00:03.1959679" startTime="2022-12-04T12:11:05.9033082+02:00" endTime="2022-12-04T12:11:09.1065562+02:00" testType="13cdc9d9-ddb5-4fa4-a97d-d965ccfc6d4b" outcome="Passed" testListId="8c84fa94-04c1-424b-9868-57a2d4851a1d" relativeResultsDirectory="5713c5ad-fb17-49f7-b3c4-c5d11d85d9ad">
    </UnitTestResult>
    <UnitTestResult executionId="fc13cd5d-17f4-4ed8-b695-bb24ad34bc8a" testId="9a064fba-8260-d8f3-431c-da15e7436be3" testName="EM3_OP6Test" computerName="SYSTEEMILUOKKA" duration="00:00:00.0049562" startTime="2022-12-04T12:11:09.1065562+02:00" endTime="2022-12-04T12:11:09.1221818+02:00" testType="13cdc9d9-ddb5-4fa4-a97d-d965ccfc6d4b" outcome="Failed" testListId="8c84fa94-04c1-424b-9868-57a2d4851a1d" relativeResultsDirectory="fc13cd5d-17f4-4ed8-b695-bb24ad34bc8a">
      <Output>
        <ErrorInfo>
          <Message>Test method unit_tests.LogicTest.EM3_OP6Test threw exception: 
System.NullReferenceException: Object reference not set to an instance of an object.</Message>
          <StackTrace>   at gui_app.Logic_Accessor.EM3_OP6()
   at unit_tests.LogicTest.EM3_OP6Test() in C:\Documents and Settings\Jari Huilla\My Documents\exercise\gui-app\unit_tests\unit_tests\LogicTest.cs:line 234
</StackTrace>
        </ErrorInfo>
      </Output>
    </UnitTestResult>
    <UnitTestResult executionId="8538e58a-21eb-472f-a9a2-4a9f74e74443" testId="9babf3fc-a46b-9592-3a7e-6eb979254120" testName="EM5_OP2Test" computerName="SYSTEEMILUOKKA" duration="00:00:00.0026419" startTime="2022-12-04T12:11:09.1221818+02:00" endTime="2022-12-04T12:11:09.1378074+02:00" testType="13cdc9d9-ddb5-4fa4-a97d-d965ccfc6d4b" outcome="Failed" testListId="8c84fa94-04c1-424b-9868-57a2d4851a1d" relativeResultsDirectory="8538e58a-21eb-472f-a9a2-4a9f74e74443">
      <Output>
        <ErrorInfo>
          <Message>Test method unit_tests.LogicTest.EM5_OP2Test threw exception: 
System.NullReferenceException: Object reference not set to an instance of an object.</Message>
          <StackTrace>   at gui_app.Logic_Accessor.EM5_OP2()
   at unit_tests.LogicTest.EM5_OP2Test() in C:\Documents and Settings\Jari Huilla\My Documents\exercise\gui-app\unit_tests\unit_tests\LogicTest.cs:line 312
</StackTrace>
        </ErrorInfo>
      </Output>
    </UnitTestResult>
    <UnitTestResult executionId="bbcb9121-cfbb-4def-82ee-e17e9c666187" testId="a44017f8-8b5c-5909-536d-3ebcc259f952" testName="check_cookign_input_valTest" computerName="SYSTEEMILUOKKA" duration="00:00:00.0315752" startTime="2022-12-04T12:11:09.1378074+02:00" endTime="2022-12-04T12:11:09.1690586+02:00" testType="13cdc9d9-ddb5-4fa4-a97d-d965ccfc6d4b" outcome="Failed" testListId="8c84fa94-04c1-424b-9868-57a2d4851a1d" relativeResultsDirectory="bbcb9121-cfbb-4def-82ee-e17e9c666187">
      <Output>
        <ErrorInfo>
          <Message>Assert.AreEqual failed. Expected:&lt;True&gt;. Actual:&lt;False&gt;. </Message>
          <StackTrace>   at unit_tests.MainWindowTest.check_cookign_input_valTest() in C:\Documents and Settings\Jari Huilla\My Documents\exercise\gui-app\unit_tests\unit_tests\MainWindowTest.cs:line 116
</StackTrace>
        </ErrorInfo>
      </Output>
    </UnitTestResult>
    <UnitTestResult executionId="1bd1f196-156e-490f-9eca-3299f9c1b88d" testId="ae0eeb43-6e0e-a48d-851f-e4cd34a41346" testName="update_TI300_valueTest" computerName="SYSTEEMILUOKKA" duration="00:00:00.0174647" startTime="2022-12-04T12:11:09.1846842+02:00" endTime="2022-12-04T12:11:09.2003098+02:00" testType="13cdc9d9-ddb5-4fa4-a97d-d965ccfc6d4b" outcome="Passed" testListId="8c84fa94-04c1-424b-9868-57a2d4851a1d" relativeResultsDirectory="1bd1f196-156e-490f-9eca-3299f9c1b88d">
    </UnitTestResult>
    <UnitTestResult executionId="66220373-7832-47db-87d6-8e8d1acf1e5a" testId="b0805486-7606-6eff-4d14-e06f479655d8" testName="connection_offlineTest" computerName="SYSTEEMILUOKKA" duration="00:00:07.5673327" startTime="2022-12-04T12:11:09.2003098+02:00" endTime="2022-12-04T12:11:16.7787258+02:00" testType="13cdc9d9-ddb5-4fa4-a97d-d965ccfc6d4b" outcome="Passed" testListId="8c84fa94-04c1-424b-9868-57a2d4851a1d" relativeResultsDirectory="66220373-7832-47db-87d6-8e8d1acf1e5a">
    </UnitTestResult>
    <UnitTestResult executionId="b9f769ea-5b1e-49e9-b690-c075ae6db8a6" testId="b42c3a56-667a-f33b-8392-5960b32e3f0c" testName="set_valve_controlTest" computerName="SYSTEEMILUOKKA" duration="00:00:00.0217999" startTime="2022-12-04T12:11:16.7787258+02:00" endTime="2022-12-04T12:11:16.8099770+02:00" testType="13cdc9d9-ddb5-4fa4-a97d-d965ccfc6d4b" outcome="Passed" testListId="8c84fa94-04c1-424b-9868-57a2d4851a1d" relativeResultsDirectory="b9f769ea-5b1e-49e9-b690-c075ae6db8a6">
    </UnitTestResult>
    <UnitTestResult executionId="39ad5831-e565-48c4-927d-deae5070a825" testId="b53aebfb-dd1b-29c6-5b46-5924eb5bd43c" testName="change_E100_valueTest" computerName="SYSTEEMILUOKKA" duration="00:00:00.0173259" startTime="2022-12-04T12:11:16.8099770+02:00" endTime="2022-12-04T12:11:16.8256026+02:00" testType="13cdc9d9-ddb5-4fa4-a97d-d965ccfc6d4b" outcome="Passed" testListId="8c84fa94-04c1-424b-9868-57a2d4851a1d" relativeResultsDirectory="39ad5831-e565-48c4-927d-deae5070a825">
    </UnitTestResult>
    <UnitTestResult executionId="5442ce2b-85f8-47e4-8b3f-73f2816f98c6" testId="cb9f4255-bba2-0788-8d42-3f2275175fc3" testName="black_liquor_fillTest" computerName="SYSTEEMILUOKKA" duration="00:00:00.0021508" startTime="2022-12-04T12:11:16.8412282+02:00" endTime="2022-12-04T12:11:16.8412282+02:00" testType="13cdc9d9-ddb5-4fa4-a97d-d965ccfc6d4b" outcome="Failed" testListId="8c84fa94-04c1-424b-9868-57a2d4851a1d" relativeResultsDirectory="5442ce2b-85f8-47e4-8b3f-73f2816f98c6">
      <Output>
        <ErrorInfo>
          <Message>Test method unit_tests.LogicTest.black_liquor_fillTest threw exception: 
System.NullReferenceException: Object reference not set to an instance of an object.</Message>
          <StackTrace>   at gui_app.Logic_Accessor.black_liquor_fill()
   at unit_tests.LogicTest.black_liquor_fillTest() in C:\Documents and Settings\Jari Huilla\My Documents\exercise\gui-app\unit_tests\unit_tests\LogicTest.cs:line 405
</StackTrace>
        </ErrorInfo>
      </Output>
    </UnitTestResult>
    <UnitTestResult executionId="90ff137b-8157-4d5e-9ac7-c9c126d0d5f3" testId="cc713445-75e4-3ddd-4f7b-4883675cea50" testName="U1_OP1Test" computerName="SYSTEEMILUOKKA" duration="00:00:00.0046190" startTime="2022-12-04T12:11:16.8412282+02:00" endTime="2022-12-04T12:11:16.8412282+02:00" testType="13cdc9d9-ddb5-4fa4-a97d-d965ccfc6d4b" outcome="Failed" testListId="8c84fa94-04c1-424b-9868-57a2d4851a1d" relativeResultsDirectory="90ff137b-8157-4d5e-9ac7-c9c126d0d5f3">
      <Output>
        <ErrorInfo>
          <Message>Test method unit_tests.LogicTest.U1_OP1Test threw exception: 
System.NullReferenceException: Object reference not set to an instance of an object.</Message>
          <StackTrace>   at gui_app.Logic_Accessor.U1_OP1(Int32 pressure)
   at unit_tests.LogicTest.U1_OP1Test() in C:\Documents and Settings\Jari Huilla\My Documents\exercise\gui-app\unit_tests\unit_tests\LogicTest.cs:line 352
</StackTrace>
        </ErrorInfo>
      </Output>
    </UnitTestResult>
    <UnitTestResult executionId="acb36454-1d4b-4691-83a9-3bea5a434f1d" testId="d4ecd901-031d-812e-030d-cfebb162feaf" testName="EM1_OP4Test" computerName="SYSTEEMILUOKKA" duration="00:00:00.0108871" startTime="2022-12-04T12:11:16.8412282+02:00" endTime="2022-12-04T12:11:16.8568538+02:00" testType="13cdc9d9-ddb5-4fa4-a97d-d965ccfc6d4b" outcome="Failed" testListId="8c84fa94-04c1-424b-9868-57a2d4851a1d" relativeResultsDirectory="acb36454-1d4b-4691-83a9-3bea5a434f1d">
      <Output>
        <ErrorInfo>
          <Message>Test method unit_tests.LogicTest.EM1_OP4Test threw exception: 
System.NullReferenceException: Object reference not set to an instance of an object.</Message>
          <StackTrace>   at gui_app.Logic_Accessor.EM1_OP4()
   at unit_tests.LogicTest.EM1_OP4Test() in C:\Documents and Settings\Jari Huilla\My Documents\exercise\gui-app\unit_tests\unit_tests\LogicTest.cs:line 130
</StackTrace>
        </ErrorInfo>
      </Output>
    </UnitTestResult>
    <UnitTestResult executionId="db8888c0-9d08-447a-a172-9e3fdb5f7eed" testId="db685ce1-79d9-c78e-3954-604e7dc5158c" testName="pressure_controlTest" computerName="SYSTEEMILUOKKA" duration="00:00:00.0043541" startTime="2022-12-04T12:11:16.8568538+02:00" endTime="2022-12-04T12:11:16.8724794+02:00" testType="13cdc9d9-ddb5-4fa4-a97d-d965ccfc6d4b" outcome="Inconclusive" testListId="8c84fa94-04c1-424b-9868-57a2d4851a1d" relativeResultsDirectory="db8888c0-9d08-447a-a172-9e3fdb5f7eed">
      <Output>
        <ErrorInfo>
          <Message>Assert.Inconclusive failed. Verify the correctness of this test method.</Message>
          <StackTrace>   at unit_tests.ControlTest.pressure_controlTest() in C:\Documents and Settings\Jari Huilla\My Documents\exercise\gui-app\unit_tests\unit_tests\ControlTest.cs:line 95
</StackTrace>
        </ErrorInfo>
      </Output>
    </UnitTestResult>
    <UnitTestResult executionId="60fd16c9-2dde-473b-b338-bdf6e0ed10f9" testId="e38ccfdc-9ab4-5eb0-e269-506394bd6b60" testName="EM3_OP7Test" computerName="SYSTEEMILUOKKA" duration="00:00:00.0031914" startTime="2022-12-04T12:11:16.8724794+02:00" endTime="2022-12-04T12:11:16.8724794+02:00" testType="13cdc9d9-ddb5-4fa4-a97d-d965ccfc6d4b" outcome="Failed" testListId="8c84fa94-04c1-424b-9868-57a2d4851a1d" relativeResultsDirectory="60fd16c9-2dde-473b-b338-bdf6e0ed10f9">
      <Output>
        <ErrorInfo>
          <Message>Test method unit_tests.LogicTest.EM3_OP7Test threw exception: 
System.NullReferenceException: Object reference not set to an instance of an object.</Message>
          <StackTrace>   at gui_app.Logic_Accessor.EM3_OP7()
   at unit_tests.LogicTest.EM3_OP7Test() in C:\Documents and Settings\Jari Huilla\My Documents\exercise\gui-app\unit_tests\unit_tests\LogicTest.cs:line 247
</StackTrace>
        </ErrorInfo>
      </Output>
    </UnitTestResult>
    <UnitTestResult executionId="03ee89d9-61c2-4434-8ee5-65eb64290361" testId="e816d77c-2af0-f1c2-1dd2-1855f060da00" testName="EM2_OP1Test" computerName="SYSTEEMILUOKKA" duration="00:00:00.0069553" startTime="2022-12-04T12:11:16.8724794+02:00" endTime="2022-12-04T12:11:16.8724794+02:00" testType="13cdc9d9-ddb5-4fa4-a97d-d965ccfc6d4b" outcome="Failed" testListId="8c84fa94-04c1-424b-9868-57a2d4851a1d" relativeResultsDirectory="03ee89d9-61c2-4434-8ee5-65eb64290361">
      <Output>
        <ErrorInfo>
          <Message>Test method unit_tests.LogicTest.EM2_OP1Test threw exception: 
System.NullReferenceException: Object reference not set to an instance of an object.</Message>
          <StackTrace>   at gui_app.Logic_Accessor.EM2_OP1()
   at unit_tests.LogicTest.EM2_OP1Test() in C:\Documents and Settings\Jari Huilla\My Documents\exercise\gui-app\unit_tests\unit_tests\LogicTest.cs:line 143
</StackTrace>
        </ErrorInfo>
      </Output>
    </UnitTestResult>
    <UnitTestResult executionId="c9b66e25-428a-4c5a-9db2-f1c23bd7722b" testId="ee154a8a-177f-5471-fe8f-a19abf8c0f12" testName="EM3_OP5Test" computerName="SYSTEEMILUOKKA" duration="00:00:00.0244651" startTime="2022-12-04T12:11:16.8881050+02:00" endTime="2022-12-04T12:11:16.9037306+02:00" testType="13cdc9d9-ddb5-4fa4-a97d-d965ccfc6d4b" outcome="Failed" testListId="8c84fa94-04c1-424b-9868-57a2d4851a1d" relativeResultsDirectory="c9b66e25-428a-4c5a-9db2-f1c23bd7722b">
      <Output>
        <ErrorInfo>
          <Message>Test method unit_tests.LogicTest.EM3_OP5Test threw exception: 
System.NullReferenceException: Object reference not set to an instance of an object.</Message>
          <StackTrace>   at gui_app.Logic_Accessor.EM3_OP5()
   at unit_tests.LogicTest.EM3_OP5Test() in C:\Documents and Settings\Jari Huilla\My Documents\exercise\gui-app\unit_tests\unit_tests\LogicTest.cs:line 221
</StackTrace>
        </ErrorInfo>
      </Output>
    </UnitTestResult>
    <UnitTestResult executionId="9f4ea591-8958-47ef-a0b0-395346b11745" testId="f2f954a3-de37-203c-ccb1-5cdb67e52f8c" testName="start_processTest" computerName="SYSTEEMILUOKKA" duration="00:00:00.0088905" startTime="2022-12-04T12:11:16.9193562+02:00" endTime="2022-12-04T12:11:16.9193562+02:00" testType="13cdc9d9-ddb5-4fa4-a97d-d965ccfc6d4b" outcome="Inconclusive" testListId="8c84fa94-04c1-424b-9868-57a2d4851a1d" relativeResultsDirectory="9f4ea591-8958-47ef-a0b0-395346b11745">
      <Output>
        <ErrorInfo>
          <Message>Assert.Inconclusive failed. A method that does not return a value cannot be verified.</Message>
          <StackTrace>   at unit_tests.LogicTest.start_processTest() in C:\Documents and Settings\Jari Huilla\My Documents\exercise\gui-app\unit_tests\unit_tests\LogicTest.cs:line 500
</StackTrace>
        </ErrorInfo>
      </Output>
    </UnitTestResult>
    <UnitTestResult executionId="f97e7f15-4e6c-458e-b4ac-89807b906aec" testId="f3a6c914-560d-1140-6f85-f88e70cddb6a" testName="EM1_OP3Test" computerName="SYSTEEMILUOKKA" duration="00:00:00.0020013" startTime="2022-12-04T12:11:16.9349818+02:00" endTime="2022-12-04T12:11:16.9349818+02:00" testType="13cdc9d9-ddb5-4fa4-a97d-d965ccfc6d4b" outcome="Failed" testListId="8c84fa94-04c1-424b-9868-57a2d4851a1d" relativeResultsDirectory="f97e7f15-4e6c-458e-b4ac-89807b906aec">
      <Output>
        <ErrorInfo>
          <Message>Test method unit_tests.LogicTest.EM1_OP3Test threw exception: 
System.NullReferenceException: Object reference not set to an instance of an object.</Message>
          <StackTrace>   at gui_app.Logic_Accessor.EM1_OP3()
   at unit_tests.LogicTest.EM1_OP3Test() in C:\Documents and Settings\Jari Huilla\My Documents\exercise\gui-app\unit_tests\unit_tests\LogicTest.cs:line 117
</StackTrace>
        </ErrorInfo>
      </Output>
    </UnitTestResult>
    <UnitTestResult executionId="de146551-643e-4583-a004-088690ba080c" testId="f4718b36-646b-2b11-f5c9-9a9c0bf1492a" testName="connection_onlineTest" computerName="SYSTEEMILUOKKA" duration="00:00:00.0422313" startTime="2022-12-04T12:11:16.9349818+02:00" endTime="2022-12-04T12:11:16.9818586+02:00" testType="13cdc9d9-ddb5-4fa4-a97d-d965ccfc6d4b" outcome="Passed" testListId="8c84fa94-04c1-424b-9868-57a2d4851a1d" relativeResultsDirectory="de146551-643e-4583-a004-088690ba080c">
    </UnitTestResult>
    <UnitTestResult executionId="9eaaeb91-4d76-47ba-ba63-e76f3b87eaae" testId="f64d7652-46e8-b802-ee98-974f95eac67c" testName="U1_OP2Test" computerName="SYSTEEMILUOKKA" duration="00:00:00.0024137" startTime="2022-12-04T12:11:16.9818586+02:00" endTime="2022-12-04T12:11:16.9974842+02:00" testType="13cdc9d9-ddb5-4fa4-a97d-d965ccfc6d4b" outcome="Failed" testListId="8c84fa94-04c1-424b-9868-57a2d4851a1d" relativeResultsDirectory="9eaaeb91-4d76-47ba-ba63-e76f3b87eaae">
      <Output>
        <ErrorInfo>
          <Message>Test method unit_tests.LogicTest.U1_OP2Test threw exception: 
System.NullReferenceException: Object reference not set to an instance of an object.</Message>
          <StackTrace>   at gui_app.Logic_Accessor.U1_OP2(Double temperature)
   at unit_tests.LogicTest.U1_OP2Test() in C:\Documents and Settings\Jari Huilla\My Documents\exercise\gui-app\unit_tests\unit_tests\LogicTest.cs:line 366
</StackTrace>
        </ErrorInfo>
      </Output>
    </UnitTestResult>
    <UnitTestResult executionId="812ec5b6-4b9e-45aa-ad1c-1b6e68039d4f" testId="fc457851-7569-0712-7c1c-5d9d65262068" testName="DisposeTest" computerName="SYSTEEMILUOKKA" duration="00:00:00.0181453" startTime="2022-12-04T12:11:16.9974842+02:00" endTime="2022-12-04T12:11:17.0443610+02:00" testType="13cdc9d9-ddb5-4fa4-a97d-d965ccfc6d4b" outcome="Passed" testListId="8c84fa94-04c1-424b-9868-57a2d4851a1d" relativeResultsDirectory="812ec5b6-4b9e-45aa-ad1c-1b6e68039d4f">
    </UnitTestResult>
    <UnitTestResult executionId="c08ce94d-0d51-4111-afaa-cdf27c651ba8" testId="fd2ef5ec-5e5e-6304-613d-dc2abffd59c9" testName="U1_OP3Test" computerName="SYSTEEMILUOKKA" duration="00:00:00.0044022" startTime="2022-12-04T12:11:17.0756122+02:00" endTime="2022-12-04T12:11:17.0912378+02:00" testType="13cdc9d9-ddb5-4fa4-a97d-d965ccfc6d4b" outcome="Failed" testListId="8c84fa94-04c1-424b-9868-57a2d4851a1d" relativeResultsDirectory="c08ce94d-0d51-4111-afaa-cdf27c651ba8">
      <Output>
        <ErrorInfo>
          <Message>Test method unit_tests.LogicTest.U1_OP3Test threw exception: 
System.NullReferenceException: Object reference not set to an instance of an object.</Message>
          <StackTrace>   at gui_app.Logic_Accessor.U1_OP3()
   at unit_tests.LogicTest.U1_OP3Test() in C:\Documents and Settings\Jari Huilla\My Documents\exercise\gui-app\unit_tests\unit_tests\LogicTest.cs:line 379
</StackTrace>
        </ErrorInfo>
      </Output>
    </UnitTestResult>
    <UnitTestResult executionId="88d82e31-e187-4167-92f3-89fe83bc87fa" testId="fe678de6-d5ee-6074-95a2-83dfbf899f4b" testName="EM5_OP3Test" computerName="SYSTEEMILUOKKA" duration="00:00:00.0040899" startTime="2022-12-04T12:11:17.1068634+02:00" endTime="2022-12-04T12:11:17.1068634+02:00" testType="13cdc9d9-ddb5-4fa4-a97d-d965ccfc6d4b" outcome="Failed" testListId="8c84fa94-04c1-424b-9868-57a2d4851a1d" relativeResultsDirectory="88d82e31-e187-4167-92f3-89fe83bc87fa">
      <Output>
        <ErrorInfo>
          <Message>Test method unit_tests.LogicTest.EM5_OP3Test threw exception: 
System.NullReferenceException: Object reference not set to an instance of an object.</Message>
          <StackTrace>   at gui_app.Logic_Accessor.EM5_OP3()
   at unit_tests.LogicTest.EM5_OP3Test() in C:\Documents and Settings\Jari Huilla\My Documents\exercise\gui-app\unit_tests\unit_tests\LogicTest.cs:line 325
</StackTrace>
        </ErrorInfo>
      </Output>
    </UnitTestResult>
  </Results>
</TestRun>